<!DOCTYPE html>
<html>
<head>
  <meta charset="utf-8">
  <meta name="generator" content="pandoc">
  <meta name="viewport" content="width=device-width, initial-scale=1.0, user-scalable=yes">
  <link rel="icon" href="../favicon.ico" />
  <link rel="stylesheet" href="../style.css">
  <title>gem ネイティブ拡張機能のビルドに失敗しました (Compass のインストール) | Techioz</title>
  <style type="text/css">code{white-space: pre;}</style>
  <script async src="https://pagead2.googlesyndication.com/pagead/js/adsbygoogle.js?client=ca-pub-1637770322917058"
     crossorigin="anonymous"></script>
  <!-- Google tag (gtag.js) -->
  <script async src="https://www.googletagmanager.com/gtag/js?id=G-DRM1ZRNLDN"></script>
  <script>
    window.dataLayer = window.dataLayer || [];
    function gtag(){dataLayer.push(arguments);}
    gtag('js', new Date());

    gtag('config', 'G-DRM1ZRNLDN');
  </script>
<script type="application/ld+json">
{
  "@context": "http://schema.org",
  "@type": "Article",
  "headline": "gem ネイティブ拡張機能のビルドに失敗しました (Compass のインストール)",
  "author": {
    "@type": "Person",
    "address": "",
    "email": null,
    "identifier": "masyumaroking",
    "name": "masyumaroking"
  },
  "publisher": {
    "@type": "Person",
    "name": "masyumaroking"
  }
}
</script>
  <!--[if lt IE 9]>
    <script src="//cdnjs.cloudflare.com/ajax/libs/html5shiv/3.7.3/html5shiv-printshiv.min.js"></script>
  <![endif]-->
</head>
<body>
  <header>
    <div class="container">
        <h1>Techioz Blog</h1>
        <nav>
            <ul>
                <li><a href="#">Home</a></li>
                <li><a href="#">Articles</a></li>
                <li><a href="#">About</a></li>
                <li><a href="#">Contact</a></li>
            </ul>
        </nav>
    </div>
  </header>
  <main>
    <div class="container">
        <article>
                      <h2>gem ネイティブ拡張機能のビルドに失敗しました
(Compass のインストール)</h2>
                    <h2 id="概要">概要</h2>
                    <p>最新バージョンのコンパス
                    (https://rubygems.org/gems/compass/versions/1.0.0.alpha.17)
                    をインストールしようとすると、次のエラーが表示されます。</p>
                    <pre><code>ERROR:  Error installing compass:
ERROR: Failed to build gem native extension.

 ERROR:  Error installing compass:
  ERROR: Failed to build gem native extension.

    /System/Library/Frameworks/Ruby.framework/Versions/2.0/usr/bin/ruby extconf.rb
checking for ffi.h... no
checking for ffi.h in /usr/local/include,/usr/include/ffi... yes
checking for ffi_call() in -lffi... yes
checking for ffi_prep_closure()... yes
checking for ffi_raw_call()... no
checking for rb_thread_blocking_region()... yes
checking for rb_thread_call_with_gvl()... yes
checking for rb_thread_call_without_gvl()... yes
checking for ffi_prep_cif_var()... no
creating extconf.h
creating Makefile

make &quot;DESTDIR=&quot; clean

make &quot;DESTDIR=&quot;
compiling AbstractMemory.c
compiling ArrayType.c
compiling Buffer.c
compiling Call.c
Call.c:303:5: warning: implicit declaration of function &#39;rb_thread_call_without_gvl&#39; is invalid in C99 [-Wimplicit-function-declaration]
    rbffi_thread_blocking_region(call_blocking_function, data, (void *) -1, NULL);
    ^
./Thread.h:78:39: note: expanded from macro &#39;rbffi_thread_blocking_region&#39;
# define rbffi_thread_blocking_region rb_thread_call_without_gvl
                                      ^
1 warning generated.
compiling ClosurePool.c
compiling DataConverter.c
DataConverter.c:43:1: warning: control may reach end of non-void function [-Wreturn-type]
}
^
1 warning generated.
compiling DynamicLibrary.c
compiling ffi.c
compiling Function.c
Function.c:479:33: warning: incompatible pointer types passing &#39;VALUE (void *)&#39; to parameter of type &#39;void *(*)(void *)&#39; [-Wincompatible-pointer-types]
        rb_thread_call_with_gvl(callback_with_gvl, &amp;cb);
                                ^~~~~~~~~~~~~~~~~
Function.c:102:46: note: passing argument to parameter &#39;func&#39; here
extern void *rb_thread_call_with_gvl(void *(*func)(void *), void *data1);
                                             ^
Function.c:563:9: warning: implicit declaration of function &#39;rb_thread_call_without_gvl&#39; is invalid in C99 [-Wimplicit-function-declaration]
        rb_thread_call_without_gvl(async_cb_wait, &amp;w, async_cb_stop, &amp;w);
        ^
Function.c:738:1: warning: control reaches end of non-void function [-Wreturn-type]
}
^
3 warnings generated.
compiling FunctionInfo.c
compiling LastError.c
compiling LongDouble.c
compiling MappedType.c
compiling MemoryPointer.c
compiling MethodHandle.c
compiling Platform.c
compiling Pointer.c
compiling Struct.c
compiling StructByReference.c
compiling StructByValue.c
compiling StructLayout.c
compiling Thread.c
compiling Type.c
compiling Types.c
compiling Variadic.c
linking shared-object ffi_c.bundle
clang: error: unknown argument: &#39;-multiply_definedsuppress&#39; [-Wunused-command-line-argument-hard-error-in-future]
clang: note: this will be a hard error (cannot be downgraded to a warning) in the future
make: *** [ffi_c.bundle] Error 1

make failed, exit code 2

Gem files will remain installed in /Library/Ruby/Gems/2.0.0/gems/ffi-1.9.3 for inspection.
Results logged to /Library/Ruby/Gems/2.0.0/extensions/universal-darwin-13/2.0.0/ffi-1.9.3/gem_make.out
</code></pre>
                    <p>何が起きてる？最新のコンパスをエラーなくインストールするにはどうすればよいですか?</p>
                    <h2 id="解決策">解決策</h2>
                    <p>これを試してから、コンパスを再度インストールしてみてください</p>
                    <pre><code>apt-get install ruby-dev
</code></pre>
        </article>
    </div>
  </main>
  <footer>
    <div class="container">
        <p>&copy; 2024 Techioz. All rights reserved.</p>
    </div>
  </footer>
</body>
</html>