<!DOCTYPE html>
<html>
<head>
  <meta charset="utf-8">
  <meta name="generator" content="pandoc">
  <meta name="viewport" content="width=device-width, initial-scale=1.0, user-scalable=yes">
  <link rel="icon" href="../favicon.ico" />
  <link rel="stylesheet" href="../style.css">
  <title>RVM を使用して Ruby をインストールしようとすると、「__rvm_make -j8」を実行するとエラーが発生する | Techioz</title>
  <style type="text/css">code{white-space: pre;}</style>
  <script async src="https://pagead2.googlesyndication.com/pagead/js/adsbygoogle.js?client=ca-pub-1637770322917058"
     crossorigin="anonymous"></script>
  <!-- Google tag (gtag.js) -->
  <script async src="https://www.googletagmanager.com/gtag/js?id=G-DRM1ZRNLDN"></script>
  <script>
    window.dataLayer = window.dataLayer || [];
    function gtag(){dataLayer.push(arguments);}
    gtag('js', new Date());

    gtag('config', 'G-DRM1ZRNLDN');
  </script>
<script type="application/ld+json">
{
  "@context": "http://schema.org",
  "@type": "Article",
  "headline": "RVM を使用して Ruby をインストールしようとすると、「__rvm_make -j8」を実行するとエラーが発生する",
  "author": {
    "@type": "Person",
    "address": "",
    "email": null,
    "identifier": "masyumaroking",
    "name": "masyumaroking"
  },
  "publisher": {
    "@type": "Person",
    "name": "masyumaroking"
  }
}
</script>
  <!--[if lt IE 9]>
    <script src="//cdnjs.cloudflare.com/ajax/libs/html5shiv/3.7.3/html5shiv-printshiv.min.js"></script>
  <![endif]-->
</head>
<body>
  <header>
    <div class="container">
        <h1>Techioz Blog</h1>
        <nav>
            <ul>
                <li><a href="#">Home</a></li>
                <li><a href="#">Articles</a></li>
                <li><a href="#">About</a></li>
                <li><a href="#">Contact</a></li>
            </ul>
        </nav>
    </div>
  </header>
  <main>
    <div class="container">
        <article>
                      <h2>RVM を使用して Ruby
をインストールしようとすると、「__rvm_make
-j8」を実行するとエラーが発生する</h2>
                    <h2 id="概要">概要</h2>
                    <p>RVMを使用してRubyをインストールしようとしています。私は
                    RailsBridge の Installfest
                    ガイドに従っています。</p>
                    <p>これまでのところ、RVM をインストールし (curl -L
                    get.rvm.io | bash -sstead)、Homebrew
                    を使用するように RVM を構成しました (rvm autolibs
                    homebrew)。ターミナルに「rvm install
                    Ruby」と入力すると、次の出力が表示されます。</p>
                    <pre><code>ruby-2.5.1 - #removing src/ruby-2.5.1..
Searching for binary rubies, this might take some time.
No binary rubies available for: osx/10.13/x86_64/ruby-2.5.1.
Continuing with compilation. Please read &#39;rvm help mount&#39; to get more information on binary rubies.
Checking requirements for osx_brew.
Certificates bundle &#39;/usr/local/etc/[email protected]/cert.pem&#39; is already up to date.
Requirements installation successful.
Installing Ruby from source to: /Users/jules/.rvm/rubies/ruby-2.5.1, this may take a while depending on your cpu(s)...
ruby-2.5.1 - #downloading ruby-2.5.1, this may take a while depending on your connection...
ruby-2.5.1 - #extracting ruby-2.5.1 to /Users/jules/.rvm/src/ruby-2.5.1.....
ruby-2.5.1 - #configuring......................................................|
ruby-2.5.1 - #post-configuration.
ruby-2.5.1 - #compiling....
Error running &#39;__rvm_make -j8&#39;,
please read /Users/jules/.rvm/log/1530823409_ruby-2.5.1/make.log
There has been an error while running make. Halting the installation.
</code></pre>
                    <p>作業を進めようと
                    /Users/jules/.rvm/log/1530823409_ruby-2.5.1/make.log
                    を開いたのですが、ファイルから意味を読み取ることはできませんでした。以下に内容を貼り付けました。</p>
                    <pre><code>[2018-07-05 16:44:45] __rvm_make
__rvm_make () 
{ 
    \make &quot;$@&quot; || return $?
}
current path: /Users/jules/.rvm/src/ruby-2.5.1
PATH=/usr/local/opt/coreutils/bin:/usr/local/opt/pkg-config/bin:/usr/local/opt/libtool/bin:/usr/local/opt/automake/bin:/usr/local/opt/autoconf/bin:/Users/jules/anaconda2/bin:/usr/local/bin:/usr/bin:/bin:/usr/sbin:/sbin:/Library/TeX/texbin:/Users/jules/.rvm/bin
command(2): __rvm_make -j8
++ make -j8
    CC = gcc
    LD = ld
    LDSHARED = gcc -dynamiclib
    CFLAGS = -O3 -ggdb3 -Wall -Wextra -Wno-unused-parameter -Wno-parentheses -Wno-long-long -Wno-missing-field-initializers -Wno-tautological-compare -Wno-parentheses-equality -Wno-constant-logical-operand -Wno-self-assign -Wunused-variable -Wimplicit-int -Wpointer-arith -Wwrite-strings -Wdeclaration-after-statement -Wshorten-64-to-32 -Wimplicit-function-declaration -Wdivision-by-zero -Wdeprecated-declarations -Wextra-tokens   -fno-common -pipe 
    XCFLAGS = -D_FORTIFY_SOURCE=2 -fstack-protector -fno-strict-overflow -fvisibility=hidden -DRUBY_EXPORT
    CPPFLAGS = -I/usr/local/opt/libyaml/include -I/usr/local/opt/readline/include -I/usr/local/opt/libksba/include -I/usr/local/opt/[email protected]/include -D_XOPEN_SOURCE -D_DARWIN_C_SOURCE -D_DARWIN_UNLIMITED_SELECT -D_REENTRANT   -I. -I.ext/include/x86_64-darwin17 -I./include -I. -I./enc/unicode/10.0.0
    DLDFLAGS = -Wl,-undefined,dynamic_lookup -Wl,-multiply_defined,suppress -L/usr/local/opt/libyaml/lib -L/usr/local/opt/readline/lib -L/usr/local/opt/libksba/lib -L/usr/local/opt/[email protected]/lib -install_name /Users/jules/.rvm/rubies/ruby-2.5.1/lib/libruby.2.5.dylib -compatibility_version 2.5 -current_version 2.5.1  -fstack-protector -framework Foundation  -fstack-protector -framework Foundation  
    SOLIBS = -lpthread -lgmp -ldl -lobjc 
    LANG = en_US.UTF-8
    LC_ALL = 
    LC_CTYPE = 
Configured with: --prefix=/Library/Developer/CommandLineTools/usr --with-gxx-include-dir=/usr/include/c++/4.2.1
Apple LLVM version 9.1.0 (clang-902.0.39.2)
Target: x86_64-apple-darwin17.5.0
Thread model: posix
InstalledDir: /Library/Developer/CommandLineTools/usr/bin
compiling ./main.c
compiling dmydln.c
compiling miniinit.c
compiling dmyext.c
compiling miniprelude.c
translating probes probes.d
compiling bignum.c
compiling class.c
compiling compar.c
compiling compile.c
error: error reading &#39;/dev/fd/7&#39;
1 error generated.
clang: error: unable to remove file: Operation not permitted
dtrace: failed to compile script probes.d: Preprocessor failed to process input program
make: *** [probes.h] Error 1
make: *** Waiting for unfinished jobs....
++ return 2
</code></pre>
                    <p>ここからどこへ行けばいいですか？乾杯！</p>
                    <h2 id="解決策">解決策</h2>
                    <p>これは私にとってはうまくいきました:</p>
                    <p>RVM インストール Ruby-2.5.1
                    –with-openssl-dir=/usr/local/opt/openssl</p>
        </article>
    </div>
  </main>
  <footer>
    <div class="container">
        <p>&copy; 2024 Techioz. All rights reserved.</p>
    </div>
  </footer>
</body>
</html>