<!DOCTYPE html>
<html>
<head>
  <meta charset="utf-8">
  <meta name="generator" content="pandoc">
  <meta name="viewport" content="width=device-width, initial-scale=1.0, user-scalable=yes">
  <link rel="icon" href="../favicon.ico" />
  <link rel="stylesheet" href="../style.css">
  <title>「RSA_SSLV23_PADDING」は宣言されていません（この関数で最初に使用）。 「RSA_NO_PADDING」のことですか？ asdfを使用してruby-2.7.1をコンパイルするとき | Techioz</title>
  <style type="text/css">code{white-space: pre;}</style>
  <script async src="https://pagead2.googlesyndication.com/pagead/js/adsbygoogle.js?client=ca-pub-1637770322917058"
     crossorigin="anonymous"></script>
  <!-- Google tag (gtag.js) -->
  <script async src="https://www.googletagmanager.com/gtag/js?id=G-DRM1ZRNLDN"></script>
  <script>
    window.dataLayer = window.dataLayer || [];
    function gtag(){dataLayer.push(arguments);}
    gtag('js', new Date());

    gtag('config', 'G-DRM1ZRNLDN');
  </script>
<script type="application/ld+json">
{
  "@context": "http://schema.org",
  "@type": "Article",
  "headline": "「RSA_SSLV23_PADDING」は宣言されていません（この関数で最初に使用）。 「RSA_NO_PADDING」のことですか？ asdfを使用してruby-2.7.1をコンパイルするとき",
  "author": {
    "@type": "Person",
    "address": "",
    "email": null,
    "identifier": "masyumaroking",
    "name": "masyumaroking"
  },
  "publisher": {
    "@type": "Person",
    "name": "masyumaroking"
  }
}
</script>
  <!--[if lt IE 9]>
    <script src="//cdnjs.cloudflare.com/ajax/libs/html5shiv/3.7.3/html5shiv-printshiv.min.js"></script>
  <![endif]-->
</head>
<body>
  <header>
    <div class="container">
        <h1>Techioz Blog</h1>
        <nav>
            <ul>
                <li><a href="#">Home</a></li>
                <li><a href="#">Articles</a></li>
                <li><a href="#">About</a></li>
                <li><a href="#">Contact</a></li>
            </ul>
        </nav>
    </div>
  </header>
  <main>
    <div class="container">
        <article>
                      <h2>「RSA_SSLV23_PADDING」は宣言されていません（この関数で最初に使用）。
「RSA_NO_PADDING」のことですか？
asdfを使用してruby-2.7.1をコンパイルするとき</h2>
                    <h2 id="概要">概要</h2>
                    <p>asdf または RVM を使用して Ruby-2.7.1
                    をコンパイル中にこの問題が発生します。</p>
                    <p>erlang のインストールでも問題が発生します。</p>
                    <p>エラーの可能性があります</p>
                    <pre><code>generating x86_64-linux-fake.rb
x86_64-linux-fake.rb updated
./miniruby -I./lib -I. -I.ext/common  ./tool/runruby.rb --extout=.ext  -- --disable-gems -r./x86_64-linux-fake ./tool/rbinstall.rb --make=&quot;make&quot; --dest-dir=&quot;&quot; --extout=&quot;.ext&quot; --mflags=&quot;&quot; --make-flags=&quot;&quot; --data-mode=0644 --prog-mode=0755 --installed-list .installed.list --mantype=&quot;doc&quot; --rdoc-output=&quot;.ext/rdoc&quot; --html-output=&quot;.ext/html&quot;
/tmp/ruby-build.20220515222647.5893.R2e2fF/ruby-2.7.1/lib/rubygems/core_ext/kernel_require.rb:92:in `require&#39;: libssl.so.1.1: cannot open shared object file: No such file or directory - /tmp/ruby-build.20220515222647.5893.R2e2fF/ruby-2.7.1/.ext/x86_64-linux/openssl.so (LoadError)
    from /tmp/ruby-build.20220515222647.5893.R2e2fF/ruby-2.7.1/lib/rubygems/core_ext/kernel_require.rb:92:in `require&#39;
    from /tmp/ruby-build.20220515222647.5893.R2e2fF/ruby-2.7.1/.ext/common/openssl.rb:13:in `&lt;top (required)&gt;&#39;
    from /tmp/ruby-build.20220515222647.5893.R2e2fF/ruby-2.7.1/lib/rubygems/core_ext/kernel_require.rb:92:in `require&#39;
    from /tmp/ruby-build.20220515222647.5893.R2e2fF/ruby-2.7.1/lib/rubygems/core_ext/kernel_require.rb:92:in `require&#39;
    from /tmp/ruby-build.20220515222647.5893.R2e2fF/ruby-2.7.1/lib/rubygems/security.rb:12:in `&lt;top (required)&gt;&#39;
    from /tmp/ruby-build.20220515222647.5893.R2e2fF/ruby-2.7.1/lib/rubygems/core_ext/kernel_require.rb:92:in `require&#39;
    from /tmp/ruby-build.20220515222647.5893.R2e2fF/ruby-2.7.1/lib/rubygems/core_ext/kernel_require.rb:92:in `require&#39;
    from /tmp/ruby-build.20220515222647.5893.R2e2fF/ruby-2.7.1/lib/rubygems/package.rb:44:in `&lt;top (required)&gt;&#39;
    from /tmp/ruby-build.20220515222647.5893.R2e2fF/ruby-2.7.1/lib/rubygems/core_ext/kernel_require.rb:92:in `require&#39;
    from /tmp/ruby-build.20220515222647.5893.R2e2fF/ruby-2.7.1/lib/rubygems/core_ext/kernel_require.rb:92:in `require&#39;
    from /tmp/ruby-build.20220515222647.5893.R2e2fF/ruby-2.7.1/lib/rubygems/installer.rb:11:in `&lt;top (required)&gt;&#39;
    from /tmp/ruby-build.20220515222647.5893.R2e2fF/ruby-2.7.1/lib/rubygems/core_ext/kernel_require.rb:92:in `require&#39;
    from /tmp/ruby-build.20220515222647.5893.R2e2fF/ruby-2.7.1/lib/rubygems/core_ext/kernel_require.rb:92:in `require&#39;
    from ./tool/rbinstall.rb:713:in `&lt;module:RbInstall&gt;&#39;
    from ./tool/rbinstall.rb:649:in `&lt;main&gt;&#39;
make: *** [uncommon.mk:373: do-install-all] Error 1
</code></pre>
                    <p>または</p>
                    <pre><code>ossl_pkey_rsa.c:877:58: error: ‘RSA_SSLV23_PADDING’ undeclared (first use in this function); did you mean ‘RSA_NO_PADDING’?
  877 | #define DefRSAConst(x) rb_define_const(cRSA, #x, INT2NUM(RSA_##x))
      |                                                          ^~~~
../.././include/ruby/ruby.h:262:33: note: in definition of macro ‘RB_INT2FIX’
  262 | #define RB_INT2FIX(i) (((VALUE)(i))&lt;&lt;1 | RUBY_FIXNUM_FLAG)
      |                                 ^
../.././include/ruby/ruby.h:1609:20: note: in expansion of macro ‘RB_INT2NUM’
 1609 | #define INT2NUM(x) RB_INT2NUM(x)
      |                    ^~~~~~~~~~
ossl_pkey_rsa.c:877:50: note: in expansion of macro ‘INT2NUM’
  877 | #define DefRSAConst(x) rb_define_const(cRSA, #x, INT2NUM(RSA_##x))
      |                                                  ^~~~~~~
ossl_pkey_rsa.c:942:5: note: in expansion of macro ‘DefRSAConst’
  942 |     DefRSAConst(SSLV23_PADDING);
      |     ^~~~~~~~~~~
ossl_pkey_rsa.c:877:58: note: each undeclared identifier is reported only once for each function it appears in
  877 | #define DefRSAConst(x) rb_define_const(cRSA, #x, INT2NUM(RSA_##x))
      |                                                          ^~~~
../.././include/ruby/ruby.h:262:33: note: in definition of macro ‘RB_INT2FIX’
  262 | #define RB_INT2FIX(i) (((VALUE)(i))&lt;&lt;1 | RUBY_FIXNUM_FLAG)
      |                                 ^
../.././include/ruby/ruby.h:1609:20: note: in expansion of macro ‘RB_INT2NUM’
 1609 | #define INT2NUM(x) RB_INT2NUM(x)
      |                    ^~~~~~~~~~
ossl_pkey_rsa.c:877:50: note: in expansion of macro ‘INT2NUM’
  877 | #define DefRSAConst(x) rb_define_const(cRSA, #x, INT2NUM(RSA_##x))
      |                                                  ^~~~~~~
ossl_pkey_rsa.c:942:5: note: in expansion of macro ‘DefRSAConst’
  942 |     DefRSAConst(SSLV23_PADDING);
      |     ^~~~~~~~~~~
ossl_pkey.c: At top level
</code></pre>
                    <p>apt-get を使用して openssl バージョン 1.1
                    をインストールしようとしましたが、機能しません。</p>
                    <h2 id="解決策">解決策</h2>
                    <p>Ruby のコンパイル中に openssl
                    の問題が発生した場合、私は通常、このような解決策を使用します。私はできることなら、インストールされている
                    OS のバージョンをいじりたくないので、RVM
                    などは使用しません。</p>
                    <pre><code>wget https://www.openssl.org/source/openssl-1.1.1q.tar.gz
</code></pre>
                    <pre><code>tar xvzf openssl-1.1.1q.tar.gz
cd openssl-1.1.1q
mkdir -p $HOME/lib/openssl
./config --prefix=$HOME/lib/openssl
make
make install
</code></pre>
                    <pre><code>cp /etc/ssl/certs/* $HOME/lib/openssl/ssl/certs
</code></pre>
                    <pre><code>tar xvzf ruby-2.7.1.tar.gz
cd ruby-2.7.1
./configure --prefix=$HOME/.rubies/ruby-2.7.1 --with-openssl-dir=$HOME/lib/openssl
make
make install
</code></pre>
        </article>
    </div>
  </main>
  <footer>
    <div class="container">
        <p>&copy; 2024 Techioz. All rights reserved.</p>
    </div>
  </footer>
</body>
</html>