<!DOCTYPE html>
<html>
<head>
  <meta charset="utf-8">
  <meta name="generator" content="pandoc">
  <meta name="viewport" content="width=device-width, initial-scale=1.0, user-scalable=yes">
  <link rel="icon" href="../favicon.ico" />
  <link rel="stylesheet" href="../style.css">
  <title>Mac に json gem をインストールできない | Techioz</title>
  <style type="text/css">code{white-space: pre;}</style>
  <script async src="https://pagead2.googlesyndication.com/pagead/js/adsbygoogle.js?client=ca-pub-1637770322917058"
     crossorigin="anonymous"></script>
  <!-- Google tag (gtag.js) -->
  <script async src="https://www.googletagmanager.com/gtag/js?id=G-GV53GJEY2E"></script>
  <script>
    window.dataLayer = window.dataLayer || [];
    function gtag(){dataLayer.push(arguments);}
    gtag('js', new Date());

    gtag('config', 'G-GV53GJEY2E');
  </script>
<script type="application/ld+json">
{
  "@context": "http://schema.org",
  "@type": "Article",
  "headline": "Mac に json gem をインストールできない",
  "author": {
    "@type": "Person",
    "address": "",
    "email": null,
    "identifier": "masyumaroking",
    "name": "masyumaroking"
  },
  "publisher": {
    "@type": "Person",
    "name": "masyumaroking"
  }
}
</script>
  <!--[if lt IE 9]>
    <script src="//cdnjs.cloudflare.com/ajax/libs/html5shiv/3.7.3/html5shiv-printshiv.min.js"></script>
  <![endif]-->
</head>
<body>
  <header>
    <div class="container">
        <h1>Techioz Blog</h1>
        <nav>
            <ul>
                <li><a href="#">Home</a></li>
                <li><a href="#">Articles</a></li>
                <li><a href="#">About</a></li>
                <li><a href="#">Contact</a></li>
            </ul>
        </nav>
    </div>
  </header>
  <main>
    <div class="container">
        <article>
                      <h2>Mac に json gem をインストールできない</h2>
                    <h2 id="概要">概要</h2>
                    <p>M1 MacBook に json gem
                    をインストールできません。これは私が実行しているコマンドです。</p>
                    <pre><code>sudo gem install json -v &#39;2.6.2&#39;
</code></pre>
                    <p>これが私が得ているエラーです。 Xcode 14.1 Beta
                    3を採用しているためだと思いますが、別のバージョンのXcodeを使用する方法、またはそれが問題なのかどうかはわかりません。</p>
                    <pre><code>Building native extensions. This could take a while...
ERROR:  Error installing json:
    ERROR: Failed to build gem native extension.

    current directory: /Library/Ruby/Gems/2.6.0/gems/json-2.6.2/ext/json/ext/generator
/System/Library/Frameworks/Ruby.framework/Versions/2.6/usr/bin/ruby -I /System/Library/Frameworks/Ruby.framework/Versions/2.6/usr/lib/ruby/2.6.0 -r ./siteconf20221018-37799-1wcwkww.rb extconf.rb
creating Makefile

current directory: /Library/Ruby/Gems/2.6.0/gems/json-2.6.2/ext/json/ext/generator
make &quot;DESTDIR=&quot; clean

current directory: /Library/Ruby/Gems/2.6.0/gems/json-2.6.2/ext/json/ext/generator
make &quot;DESTDIR=&quot;
compiling generator.c
In file included from generator.c:1:
In file included from ./../fbuffer/fbuffer.h:5:
In file included from /Applications/Xcode-beta.app/Contents/Developer/Platforms/MacOSX.platform/Developer/SDKs/MacOSX13.0.sdk/System/Library/Frameworks/Ruby.framework/Versions/2.6/usr/include/ruby-2.6.0/ruby.h:33:
/Applications/Xcode-beta.app/Contents/Developer/Platforms/MacOSX.platform/Developer/SDKs/MacOSX13.0.sdk/System/Library/Frameworks/Ruby.framework/Versions/2.6/usr/include/ruby-2.6.0/ruby/ruby.h:24:10: fatal error: &#39;ruby/config.h&#39; file not found
#include &quot;ruby/config.h&quot;
         ^~~~~~~~~~~~~~~
/Applications/Xcode-beta.app/Contents/Developer/Platforms/MacOSX.platform/Developer/SDKs/MacOSX13.0.sdk/System/Library/Frameworks/Ruby.framework/Versions/2.6/usr/include/ruby-2.6.0/ruby/ruby.h:24:10: note: did not find header &#39;config.h&#39; in framework &#39;ruby&#39; (loaded from &#39;/Applications/Xcode-beta.app/Contents/Developer/Platforms/MacOSX.platform/Developer/SDKs/MacOSX.sdk/System/Library/Frameworks&#39;)
1 error generated.
make: *** [generator.o] Error 1

make failed, exit code 2

Gem files will remain installed in /Library/Ruby/Gems/2.6.0/gems/json-2.6.2 for inspection.
Results logged to /Library/Ruby/Gems/2.6.0/extensions/universal-darwin-21/2.6.0/json-2.6.2/gem_make.out
</code></pre>
                    <h2 id="解決策">解決策</h2>
                    <p>ここでの問題は次のとおりです。</p>
        </article>
    </div>
  </main>
  <footer>
    <div class="container">
        <p>&copy; 2024 Techioz. All rights reserved.</p>
    </div>
  </footer>
</body>
</html>