<!DOCTYPE html>
<html>
<head>
  <meta charset="utf-8">
  <meta name="generator" content="pandoc">
  <meta name="viewport" content="width=device-width, initial-scale=1.0, user-scalable=yes">
  <link rel="icon" href="../favicon.ico" />
  <link rel="stylesheet" href="../style.css">
  <title>バンドル インストールを実行しようとすると、「puma (5.6.4) のインストール中にエラーが発生し、バンドラーは MacOS 13.1 を続行できません」というエラーが表示され続けます | Techioz</title>
  <style type="text/css">code{white-space: pre;}</style>
  <script async src="https://pagead2.googlesyndication.com/pagead/js/adsbygoogle.js?client=ca-pub-1637770322917058"
     crossorigin="anonymous"></script>
  <!-- Google tag (gtag.js) -->
  <script async src="https://www.googletagmanager.com/gtag/js?id=G-DRM1ZRNLDN"></script>
  <script>
    window.dataLayer = window.dataLayer || [];
    function gtag(){dataLayer.push(arguments);}
    gtag('js', new Date());

    gtag('config', 'G-DRM1ZRNLDN');
  </script>
<script type="application/ld+json">
{
  "@context": "http://schema.org",
  "@type": "Article",
  "headline": "バンドル インストールを実行しようとすると、「puma (5.6.4) のインストール中にエラーが発生し、バンドラーは MacOS 13.1 を続行できません」というエラーが表示され続けます",
  "author": {
    "@type": "Person",
    "address": "",
    "email": null,
    "identifier": "masyumaroking",
    "name": "masyumaroking"
  },
  "publisher": {
    "@type": "Person",
    "name": "masyumaroking"
  }
}
</script>
  <!--[if lt IE 9]>
    <script src="//cdnjs.cloudflare.com/ajax/libs/html5shiv/3.7.3/html5shiv-printshiv.min.js"></script>
  <![endif]-->
</head>
<body>
  <header>
    <div class="container">
        <h1>Techioz Blog</h1>
        <nav>
            <ul>
                <li><a href="#">Home</a></li>
                <li><a href="#">Articles</a></li>
                <li><a href="#">About</a></li>
                <li><a href="#">Contact</a></li>
            </ul>
        </nav>
    </div>
  </header>
  <main>
    <div class="container">
        <article>
                      <h2>バンドル
インストールを実行しようとすると、「puma (5.6.4)
のインストール中にエラーが発生し、バンドラーは MacOS 13.1
を続行できません」というエラーが表示され続けます</h2>
                    <h2 id="概要">概要</h2>
                    <p>バンドルインストールを実行するたびに</p>
                    <p>pumaのインストールで立ち往生し続けています。次を使用して手動でインストールしようとしました</p>
                    <p>gem install puma -v ‘5.6.4’ –
                    –with-ldflags=-L/usr/local/opt/[email protected]/lib
                    –with-cppflags=-I/usr/local/opt/[email
                    protected]/include
                    –with-cflags=“-Wno-error=暗黙的関数宣言”</p>
                    <p>無駄だった、私は得た</p>
                    <p>gem install puma -v ‘4.3.0’ –
                    –with-ldflags=-L/usr/local/opt/[email protected]/lib
                    –with-cppflags=-I/usr/local/opt/[email
                    protected]/include
                    –with-cflags=“-Wno-error=暗黙的関数宣言”</p>
                    <p>正常に動作しますが、これが私が実行できた唯一の
                    puma バージョンです。</p>
                    <p>以下はバンドル インストールの出力です</p>
                    <pre><code>Installing haml-rails 2.1.0 (was 2.0.1)
Installing premailer-rails 1.12.0 (was 1.11.1)
Installing devise_saml_authenticatable 1.9.1 (was 1.9.0)
Installing fog-aws 3.15.0 (was 3.14.0)
Using site_prism 3.7.3
Gem::Ext::BuildError: ERROR: Failed to build gem native extension.

    current directory: /Users/user/.rvm/gems/ruby-2.7.5/gems/puma-5.6.4/ext/puma_http11
/Users/user/.rvm/rubies/ruby-2.7.5/bin/ruby -I /Users/user/.rvm/rubies/ruby-2.7.5/lib/ruby/2.7.0 -r ./siteconf20230113-31731-rzw4du.rb extconf.rb
--with-cflags\=-Wno-error\=implicit-function-declaration
checking for BIO_read() in -llibcrypto... no
checking for BIO_read() in -lcrypto... yes
checking for SSL_CTX_new() in -lssl... yes
checking for openssl/bio.h... yes
checking for DTLS_method() in openssl/ssl.h... no
checking for SSL_CTX_set_session_cache_mode(NULL, 0) in openssl/ssl.h... yes
checking for TLS_server_method() in openssl/ssl.h... no
checking for SSL_CTX_set_min_proto_version(NULL, 0) in openssl/ssl.h... no
checking for X509_STORE_up_ref()... no
checking for SSL_CTX_set_ecdh_auto(NULL, 0) in openssl/ssl.h... no
checking for SSL_CTX_set_dh_auto(NULL, 0) in openssl/ssl.h... no
checking for SSL_get1_peer_certificate() in openssl/ssl.h... no
checking for Random.bytes... yes
creating Makefile

current directory: /Users/user/.rvm/gems/ruby-2.7.5/gems/puma-5.6.4/ext/puma_http11
make &quot;DESTDIR=&quot; clean

current directory: /Users/user/.rvm/gems/ruby-2.7.5/gems/puma-5.6.4/ext/puma_http11
make &quot;DESTDIR=&quot;
compiling http11_parser.c
compiling mini_ssl.c
mini_ssl.c:301:32: warning: implicit declaration of function &#39;SSL_CTX_get0_param&#39; is invalid in C99 [-Wimplicit-function-declaration]
    X509_VERIFY_PARAM *param = SSL_CTX_get0_param(ctx);
                               ^
mini_ssl.c:301:24: warning: incompatible integer to pointer conversion initializing &#39;X509_VERIFY_PARAM *&#39; (aka &#39;struct X509_VERIFY_PARAM_st *&#39;) with an expression of
type &#39;int&#39; [-Wint-conversion]
    X509_VERIFY_PARAM *param = SSL_CTX_get0_param(ctx);
                       ^       ~~~~~~~~~~~~~~~~~~~~~~~
2 warnings generated.
compiling puma_http11.c
linking shared-object puma/puma_http11.bundle
Undefined symbols for architecture x86_64:
  &quot;_SSL_CTX_get0_param&quot;, referenced from:
      _sslctx_initialize in mini_ssl.o
ld: symbol(s) not found for architecture x86_64
clang: error: linker command failed with exit code 1 (use -v to see invocation)
make: *** [puma_http11.bundle] Error 1

make failed, exit code 2

Gem files will remain installed in /Users/user/.rvm/gems/ruby-2.7.5/gems/puma-5.6.4 for inspection.
Results logged to /Users/user/.rvm/gems/ruby-2.7.5/extensions/x86_64-darwin-22/2.7.0/puma-5.6.4/gem_make.out

  /Users/user/.rvm/rubies/ruby-2.7.5/lib/ruby/2.7.0/rubygems/ext/builder.rb:99:in `run&#39;
  /Users/user/.rvm/rubies/ruby-2.7.5/lib/ruby/2.7.0/rubygems/ext/builder.rb:51:in `block in make&#39;
  /Users/user/.rvm/rubies/ruby-2.7.5/lib/ruby/2.7.0/rubygems/ext/builder.rb:43:in `each&#39;
  /Users/user/.rvm/rubies/ruby-2.7.5/lib/ruby/2.7.0/rubygems/ext/builder.rb:43:in `make&#39;
  /Users/user/.rvm/rubies/ruby-2.7.5/lib/ruby/2.7.0/rubygems/ext/ext_conf_builder.rb:63:in `block in build&#39;
  /Users/user/.rvm/rubies/ruby-2.7.5/lib/ruby/2.7.0/tempfile.rb:291:in `open&#39;
  /Users/user/.rvm/rubies/ruby-2.7.5/lib/ruby/2.7.0/rubygems/ext/ext_conf_builder.rb:30:in `build&#39;
  /Users/user/.rvm/rubies/ruby-2.7.5/lib/ruby/2.7.0/rubygems/ext/builder.rb:169:in `block in build_extension&#39;
  /Users/user/.rvm/rubies/ruby-2.7.5/lib/ruby/2.7.0/rubygems/ext/builder.rb:165:in `synchronize&#39;
  /Users/user/.rvm/rubies/ruby-2.7.5/lib/ruby/2.7.0/rubygems/ext/builder.rb:165:in `build_extension&#39;
  /Users/user/.rvm/rubies/ruby-2.7.5/lib/ruby/2.7.0/rubygems/ext/builder.rb:210:in `block in build_extensions&#39;
  /Users/user/.rvm/rubies/ruby-2.7.5/lib/ruby/2.7.0/rubygems/ext/builder.rb:207:in `each&#39;
  /Users/user/.rvm/rubies/ruby-2.7.5/lib/ruby/2.7.0/rubygems/ext/builder.rb:207:in `build_extensions&#39;
  /Users/user/.rvm/rubies/ruby-2.7.5/lib/ruby/2.7.0/rubygems/installer.rb:844:in `build_extensions&#39;
  /Users/user/.rvm/gems/ruby-2.7.5/gems/bundler-2.3.14/lib/bundler/rubygems_gem_installer.rb:71:in `build_extensions&#39;
  /Users/user/.rvm/gems/ruby-2.7.5/gems/bundler-2.3.14/lib/bundler/rubygems_gem_installer.rb:28:in `install&#39;
  /Users/user/.rvm/gems/ruby-2.7.5/gems/bundler-2.3.14/lib/bundler/source/rubygems.rb:204:in `install&#39;
  /Users/user/.rvm/gems/ruby-2.7.5/gems/bundler-2.3.14/lib/bundler/installer/gem_installer.rb:54:in `install&#39;
  /Users/user/.rvm/gems/ruby-2.7.5/gems/bundler-2.3.14/lib/bundler/installer/gem_installer.rb:16:in `install_from_spec&#39;
  /Users/user/.rvm/gems/ruby-2.7.5/gems/bundler-2.3.14/lib/bundler/installer/parallel_installer.rb:186:in `do_install&#39;
  /Users/user/.rvm/gems/ruby-2.7.5/gems/bundler-2.3.14/lib/bundler/installer/parallel_installer.rb:177:in `block in worker_pool&#39;
  /Users/user/.rvm/gems/ruby-2.7.5/gems/bundler-2.3.14/lib/bundler/worker.rb:62:in `apply_func&#39;
  /Users/user/.rvm/gems/ruby-2.7.5/gems/bundler-2.3.14/lib/bundler/worker.rb:57:in `block in process_queue&#39;
  /Users/user/.rvm/gems/ruby-2.7.5/gems/bundler-2.3.14/lib/bundler/worker.rb:54:in `loop&#39;
  /Users/user/.rvm/gems/ruby-2.7.5/gems/bundler-2.3.14/lib/bundler/worker.rb:54:in `process_queue&#39;
  /Users/user/.rvm/gems/ruby-2.7.5/gems/bundler-2.3.14/lib/bundler/worker.rb:91:in `block (2 levels) in create_threads&#39;

An error occurred while installing puma (5.6.4), and Bundler cannot continue.

In Gemfile:
  puma
</code></pre>
                    <pre><code>❯ uname -m
x86_64
</code></pre>
                    <p>私は M1 Pro MacBook Pro
                    を使用していますが、ターミナルを Rosetta
                    で実行しています。</p>
                    <p>を使用してPumaを最初から再インストールしようとしました
                    gem install puma -v ‘4.3.0’ –
                    –with-ldflags=-L/usr/local/opt/[email protected]/lib
                    –with-cppflags=-I/usr/local/opt/[email
                    protected]/include
                    –with-cflags=“-Wno-error=暗黙的関数宣言”</p>
                    <p>それが職場で行うことを提案されたものであるため、homebrewを完全にアンインストールし、Rosettaの下に再インストールしましたが、それでも役に立ちませんでした。</p>
                    <h2 id="解決策">解決策</h2>
                    <p>OpenSSL のデフォルト
                    バージョンを交換することで、Intel MacOS 13.5 に puma
                    (5.6.4) をインストールできました。</p>
                    <pre><code>brew unlink openssl@3
brew link [email protected]
bundle install
</code></pre>
                    <p>終了後は必ず元に戻してください。</p>
                    <pre><code>brew unlink [email protected]
brew link openssl@3
</code></pre>
        </article>
    </div>
  </main>
  <footer>
    <div class="container">
        <p>&copy; 2024 Techioz. All rights reserved.</p>
    </div>
  </footer>
</body>
</html>