<!DOCTYPE html>
<html>
<head>
  <meta charset="utf-8">
  <meta name="generator" content="pandoc">
  <meta name="viewport" content="width=device-width, initial-scale=1.0, user-scalable=yes">
  <link rel="icon" href="../favicon.ico" />
  <link rel="stylesheet" href="../style.css">
  <title>M2 Mac Sonoma 14.1 に Ruby を正しくインストールするにはどうすればよいですか | Techioz</title>
  <style type="text/css">code{white-space: pre;}</style>
  <script async src="https://pagead2.googlesyndication.com/pagead/js/adsbygoogle.js?client=ca-pub-1637770322917058"
     crossorigin="anonymous"></script>
  <!-- Google tag (gtag.js) -->
  <script async src="https://www.googletagmanager.com/gtag/js?id=G-DRM1ZRNLDN"></script>
  <script>
    window.dataLayer = window.dataLayer || [];
    function gtag(){dataLayer.push(arguments);}
    gtag('js', new Date());

    gtag('config', 'G-DRM1ZRNLDN');
  </script>
<script type="application/ld+json">
{
  "@context": "http://schema.org",
  "@type": "Article",
  "headline": "M2 Mac Sonoma 14.1 に Ruby を正しくインストールするにはどうすればよいですか",
  "author": {
    "@type": "Person",
    "address": "",
    "email": null,
    "identifier": "masyumaroking",
    "name": "masyumaroking"
  },
  "publisher": {
    "@type": "Person",
    "name": "masyumaroking"
  }
}
</script>
  <!--[if lt IE 9]>
    <script src="//cdnjs.cloudflare.com/ajax/libs/html5shiv/3.7.3/html5shiv-printshiv.min.js"></script>
  <![endif]-->
</head>
<body>
  <header>
    <div class="container">
        <h1>Techioz Blog</h1>
        <nav>
            <ul>
                <li><a href="#">Home</a></li>
                <li><a href="#">Articles</a></li>
                <li><a href="#">About</a></li>
                <li><a href="#">Contact</a></li>
            </ul>
        </nav>
    </div>
  </header>
  <main>
    <div class="container">
        <article>
                      <h2>M2 Mac Sonoma 14.1 に Ruby
を正しくインストールするにはどうすればよいですか</h2>
                    <h2 id="概要">概要</h2>
                    <p>編集2：代わりにasdfを使用してインストールしようとしましたが、同じ/同様のビルドエラーが発生したため、安心できると思います：</p>
                    <pre><code>ld: warning: ignoring duplicate libraries: &#39;-lruby.3.2&#39;
compiling wait.c
linking shared-object etc.bundle
closure.c:300:14: error: call to undeclared function &#39;ffi_prep_closure&#39;; ISO C99 and later do not support implicit function declarations [-Wimplicit-function-declaration]
    result = ffi_prep_closure(pcl, cif, callback, (void *)(data-&gt;self));
             ^
1 error generated.
make[2]: *** [closure.o] Error 1
make[1]: *** [ext/fiddle/all] Error 2
make[1]: *** Waiting for unfinished jobs....
compiling date_strptime.c
ld: warning: ignoring duplicate libraries: &#39;-lruby.3.2&#39;
linking shared-object io/nonblock.bundle
ld: warning: ignoring duplicate libraries: &#39;-lruby.3.2&#39;
linking shared-object io/wait.bundle
ld: warning: ignoring duplicate libraries: &#39;-lruby.3.2&#39;
linking shared-object io/console.bundle
ld: warning: ignoring duplicate libraries: &#39;-lruby.3.2&#39;
1 warning generated.
linking shared-object bigdecimal.bundle
ld: warning: ignoring duplicate libraries: &#39;-lruby.3.2&#39;
linking shared-object date_core.bundle
ld: warning: ignoring duplicate libraries: &#39;-lruby.3.2&#39;
make: *** [build-ext] Error 2
</code></pre>
                    <p>編集1: エラー
                    ファイルの最後にある出力は次のとおりです。</p>
                    <pre><code>https://pastebin.com/HXZva8w9
</code></pre>
                    <p>背景: Flutter 開発環境で、cocoapods
                    をインストールしようとしましたが失敗し、更新された
                    Ruby
                    バージョンをインストールするように求められました。</p>
                    <p>Rubyをインストールしようとしています：rbenv、brew、rvmでさまざまな方法を試しましたが、最終的にはすべて失敗し、最後の試みは次のとおりでした。</p>
                    <pre><code>Davids-MacBook-Pro-4:~ daveshirman$ rbenv install 3.2.2
To follow progress, use &#39;tail -f /var/folders/bg/hx4gy68d1sn9w8yyxc5r9g800000gn/T/ruby-build.20231030135906.17084.log&#39; or pass --verbose
Downloading openssl-3.1.4.tar.gz...
-&gt; https://dqw8nmjcqpjn7.cloudfront.net/840af5366ab9b522bde525826be3ef0fb0af81c6a9ebd84caa600fea1731eee3
Installing openssl-3.1.4...
Installed openssl-3.1.4 to /Users/daveshirman/.rbenv/versions/3.2.2

Downloading ruby-3.2.2.tar.gz...
-&gt; https://cache.ruby-lang.org/pub/ruby/3.2/ruby-3.2.2.tar.gz
Installing ruby-3.2.2...
ruby-build: using readline from homebrew
ruby-build: using libyaml from homebrew
ruby-build: using gmp from homebrew

BUILD FAILED (macOS 14.1 using ruby-build 20231025)

Inspect or clean up the working tree at /var/folders/bg/hx4gy68d1sn9w8yyxc5r9g800000gn/T/ruby-build.20231030135906.17084.dykRrZ
Results logged to /var/folders/bg/hx4gy68d1sn9w8yyxc5r9g800000gn/T/ruby-build.20231030135906.17084.log

Last 10 log lines:
ld: warning: ignoring duplicate libraries: &#39;-lruby.3.2&#39;
ld: warning: ignoring duplicate libraries: &#39;-lruby.3.2&#39;
linking shared-object -test-/string.bundle
ld: warning: ignoring duplicate libraries: &#39;-lruby.3.2&#39;
1 warning generated.
linking shared-object bigdecimal.bundle
ld: warning: ignoring duplicate libraries: &#39;-lruby.3.2&#39;
linking shared-object date_core.bundle
ld: warning: ignoring duplicate libraries: &#39;-lruby.3.2&#39;
make: *** [build-ext] Error 2
</code></pre>
                    <p>誰かが私に機能する一連の手順を教えてくれませんか?</p>
                    <p>ありがとう！</p>
                    <h2 id="解決策">解決策</h2>
                    <p>その後、すべてが通常どおりに機能しました。</p>
        </article>
    </div>
  </main>
  <footer>
    <div class="container">
        <p>&copy; 2024 Techioz. All rights reserved.</p>
    </div>
  </footer>
</body>
</html>