<!DOCTYPE html>
<html>
<head>
  <meta charset="utf-8">
  <meta name="generator" content="pandoc">
  <meta name="viewport" content="width=device-width, initial-scale=1.0, user-scalable=yes">
  <link rel="icon" href="../favicon.ico" />
  <link rel="stylesheet" href="../style.css">
  <title>バンドルのインストール実行中の C ヘッダーの問題 | Techioz</title>
  <style type="text/css">code{white-space: pre;}</style>
  <script async src="https://pagead2.googlesyndication.com/pagead/js/adsbygoogle.js?client=ca-pub-1637770322917058"
     crossorigin="anonymous"></script>
  <!-- Google tag (gtag.js) -->
  <script async src="https://www.googletagmanager.com/gtag/js?id=G-DRM1ZRNLDN"></script>
  <script>
    window.dataLayer = window.dataLayer || [];
    function gtag(){dataLayer.push(arguments);}
    gtag('js', new Date());

    gtag('config', 'G-DRM1ZRNLDN');
  </script>
<script type="application/ld+json">
{
  "@context": "http://schema.org",
  "@type": "Article",
  "headline": "バンドルのインストール実行中の C ヘッダーの問題",
  "author": {
    "@type": "Person",
    "address": "",
    "email": null,
    "identifier": "masyumaroking",
    "name": "masyumaroking"
  },
  "publisher": {
    "@type": "Person",
    "name": "masyumaroking"
  }
}
</script>
  <!--[if lt IE 9]>
    <script src="//cdnjs.cloudflare.com/ajax/libs/html5shiv/3.7.3/html5shiv-printshiv.min.js"></script>
  <![endif]-->
</head>
<body>
  <header>
    <div class="container">
        <h1>Techioz Blog</h1>
        <nav>
            <ul>
                <li><a href="#">Home</a></li>
                <li><a href="#">Articles</a></li>
                <li><a href="#">About</a></li>
                <li><a href="#">Contact</a></li>
            </ul>
        </nav>
    </div>
  </header>
  <main>
    <div class="container">
        <article>
                      <h2>バンドルのインストール実行中の C
ヘッダーの問題</h2>
                    <h2 id="概要">概要</h2>
                    <p>Ruby アプリを実行しようとしているので、最初に
                    Bundle install を実行して、必要なすべての gem
                    をインストールしようとしました。さまざまな gem
                    で以下のエラーが発生し続けます。 StackOverflow
                    から複数のソリューションを試しましたが、何も役に立たないようです。
                    XCode 開発者ツールがインストールされており
                    (xcode-select –install 経由)、Mac OS Ventura 13.6
                    (22G120) を実行しています。</p>
                    <pre><code>Installing prometheus-client 4.2.2
Gem::Ext::BuildError: ERROR: Failed to build gem native extension.

    current directory: /Users/xyz/.rvm/gems/ruby-3.2.2/gems/prism-0.15.1/ext/prism
/Users/xyz/.rvm/rubies/ruby-3.2.2/bin/ruby extconf.rb
checking for whether -fvisibility=hidden is accepted as CFLAGS... yes
compiling build/static/diagnostic.o
In file included from src/diagnostic.c:1:
In file included from include/prism/diagnostic.h:4:
include/prism/defines.h:6:10: fatal error: &#39;ctype.h&#39; file not found
#include &lt;ctype.h&gt;
         ^~~~~~~~~
1 error generated.
make: *** [build/static/diagnostic.o] Error 1
*** extconf.rb failed ***
Could not create Makefile due to some reason, probably lack of necessary
libraries and/or headers.  Check the mkmf.log file for more details.  You may
need configuration options.

Provided configuration options:
    --with-opt-dir
    --without-opt-dir
    --with-opt-include
    --without-opt-include=${opt-dir}/include
    --with-opt-lib
    --without-opt-lib=${opt-dir}/lib
    --with-make-prog
    --without-make-prog
    --srcdir=.
    --curdir
    --ruby=/Users/xyz/.rvm/rubies/ruby-3.2.2/bin/$(RUBY_BASE_NAME)
    --enable-debug-mode-build
    --disable-debug-mode-build
    --enable-static
    --disable-static
extconf.rb:78:in `system&#39;: Command failed with exit 2: make (RuntimeError)
    from extconf.rb:78:in `block in build_target_rubyparser&#39;
    from extconf.rb:72:in `chdir&#39;
    from extconf.rb:72:in `build_target_rubyparser&#39;
    from extconf.rb:68:in `build_static_rubyparser&#39;
    from extconf.rb:42:in `configure_rubyparser&#39;
    from extconf.rb:20:in `configure&#39;
    from extconf.rb:136:in `&lt;main&gt;&#39;

To see why this extension failed to compile, please check the mkmf.log which can be found here:

  /Users/xyz/.rvm/gems/ruby-3.2.2/extensions/arm64-darwin-22/3.2.0/prism-0.15.1/mkmf.log

extconf failed, exit code 1

Gem files will remain installed in /Users/xyz/.rvm/gems/ruby-3.2.2/gems/prism-0.15.1 for inspection.
Results logged to /Users/xyz/.rvm/gems/ruby-3.2.2/extensions/arm64-darwin-22/3.2.0/prism-0.15.1/gem_make.out

  /Users/xyz/.rvm/rubies/ruby-3.2.2/lib/ruby/site_ruby/3.2.0/rubygems/ext/builder.rb:120:in `run&#39;
  /Users/xyz/.rvm/rubies/ruby-3.2.2/lib/ruby/site_ruby/3.2.0/rubygems/ext/ext_conf_builder.rb:28:in `build&#39;
  /Users/xyz/.rvm/rubies/ruby-3.2.2/lib/ruby/site_ruby/3.2.0/rubygems/ext/builder.rb:188:in `build_extension&#39;
  /Users/xyz/.rvm/rubies/ruby-3.2.2/lib/ruby/site_ruby/3.2.0/rubygems/ext/builder.rb:222:in `block in build_extensions&#39;
  /Users/xyz/.rvm/rubies/ruby-3.2.2/lib/ruby/site_ruby/3.2.0/rubygems/ext/builder.rb:219:in `each&#39;
  /Users/xyz/.rvm/rubies/ruby-3.2.2/lib/ruby/site_ruby/3.2.0/rubygems/ext/builder.rb:219:in `build_extensions&#39;
  /Users/xyz/.rvm/rubies/ruby-3.2.2/lib/ruby/site_ruby/3.2.0/rubygems/installer.rb:844:in `build_extensions&#39;
  /Users/xyz/.rvm/gems/ruby-3.2.2/gems/bundler-2.4.18/lib/bundler/rubygems_gem_installer.rb:72:in `build_extensions&#39;
  /Users/xyz/.rvm/gems/ruby-3.2.2/gems/bundler-2.4.18/lib/bundler/rubygems_gem_installer.rb:28:in `install&#39;
  /Users/xyz/.rvm/gems/ruby-3.2.2/gems/bundler-2.4.18/lib/bundler/source/rubygems.rb:202:in `install&#39;
  /Users/xyz/.rvm/gems/ruby-3.2.2/gems/bundler-2.4.18/lib/bundler/installer/gem_installer.rb:54:in `install&#39;
  /Users/xyz/.rvm/gems/ruby-3.2.2/gems/bundler-2.4.18/lib/bundler/installer/gem_installer.rb:16:in `install_from_spec&#39;
  /Users/xyz/.rvm/gems/ruby-3.2.2/gems/bundler-2.4.18/lib/bundler/installer/parallel_installer.rb:156:in `do_install&#39;
  /Users/xyz/.rvm/gems/ruby-3.2.2/gems/bundler-2.4.18/lib/bundler/installer/parallel_installer.rb:147:in `block in worker_pool&#39;
  /Users/xyz/.rvm/gems/ruby-3.2.2/gems/bundler-2.4.18/lib/bundler/worker.rb:62:in `apply_func&#39;
  /Users/xyz/.rvm/gems/ruby-3.2.2/gems/bundler-2.4.18/lib/bundler/worker.rb:57:in `block in process_queue&#39;
  /Users/xyz/.rvm/gems/ruby-3.2.2/gems/bundler-2.4.18/lib/bundler/worker.rb:54:in `loop&#39;
  /Users/xyz/.rvm/gems/ruby-3.2.2/gems/bundler-2.4.18/lib/bundler/worker.rb:54:in `process_queue&#39;
  /Users/xyz/.rvm/gems/ruby-3.2.2/gems/bundler-2.4.18/lib/bundler/worker.rb:90:in `block (2 levels) in create_threads&#39;

An error occurred while installing prism (0.15.1), and Bundler cannot continue.

In Gemfile:
  tapioca was resolved to 0.11.9, which depends on
    rbi was resolved to 0.1.2, which depends on
      prism
</code></pre>
                    <p>mkmf.log を cat
                    すると、次の出力が得られます。</p>
                    <pre><code>cat /Users/xyz/.rvm/gems/ruby-3.2.2/extensions/arm64-darwin-22/3.2.0/prism-0.15.1/mkmf.log


block in append_cflags: checking for whether -fvisibility=hidden is accepted as CFLAGS... -------------------- yes

DYLD_FALLBACK_LIBRARY_PATH=.:/Users/xyz/.rvm/rubies/ruby-3.2.2/lib &quot;gcc -o conftest -I/Users/xyz/.rvm/rubies/ruby-3.2.2/include/ruby-3.2.0/arm64-darwin22 -I/Users/xyz/.rvm/rubies/ruby-3.2.2/include/ruby-3.2.0/ruby/backward -I/Users/xyz/.rvm/rubies/ruby-3.2.2/include/ruby-3.2.0 -I. -D_XOPEN_SOURCE -D_DARWIN_C_SOURCE -D_DARWIN_UNLIMITED_SELECT -D_REENTRANT   -O3 -I/opt/homebrew/opt/libyaml/include -I/opt/homebrew/opt/libksba/include -I/opt/homebrew/opt/readline/include -I/opt/homebrew/opt/zlib/include -I/opt/homebrew/opt/[email protected]/include -fdeclspec -O3 -fno-fast-math -ggdb3 -Wall -Wextra -Wextra-tokens -Wdeprecated-declarations -Wdivision-by-zero -Wdiv-by-zero -Wimplicit-function-declaration -Wimplicit-int -Wmisleading-indentation -Wpointer-arith -Wshorten-64-to-32 -Wwrite-strings -Wold-style-definition -Wmissing-noreturn -Wno-cast-function-type -Wno-constant-logical-operand -Wno-long-long -Wno-missing-field-initializers -Wno-overlength-strings -Wno-parentheses-equality -Wno-self-assign -Wno-tautological-compare -Wno-unused-parameter -Wno-unused-value -Wunused-variable -Wundef -fno-common -pipe conftest.c  -L. -L/Users/xyz/.rvm/rubies/ruby-3.2.2/lib -L. -L/opt/homebrew/opt/libyaml/lib -L/opt/homebrew/opt/libksba/lib -L/opt/homebrew/opt/readline/lib -L/opt/homebrew/opt/zlib/lib -L/opt/homebrew/opt/[email protected]/lib -fstack-protector-strong     -lruby.3.2  -lpthread  &quot;
checked program was:
/* begin */
1: #include &quot;ruby.h&quot;
2: 
3: int main(int argc, char **argv)
4: {
5:   return !!argv[argc];
6: }
/* end */

DYLD_FALLBACK_LIBRARY_PATH=.:/Users/xyz/.rvm/rubies/ruby-3.2.2/lib &quot;gcc -I/Users/xyz/.rvm/rubies/ruby-3.2.2/include/ruby-3.2.0/arm64-darwin22 -I/Users/xyz/.rvm/rubies/ruby-3.2.2/include/ruby-3.2.0/ruby/backward -I/Users/xyz/.rvm/rubies/ruby-3.2.2/include/ruby-3.2.0 -I. -D_XOPEN_SOURCE -D_DARWIN_C_SOURCE -D_DARWIN_UNLIMITED_SELECT -D_REENTRANT   -O3 -I/opt/homebrew/opt/libyaml/include -I/opt/homebrew/opt/libksba/include -I/opt/homebrew/opt/readline/include -I/opt/homebrew/opt/zlib/include -I/opt/homebrew/opt/[email protected]/include -fdeclspec -O3 -fno-fast-math -ggdb3 -Wall -Wextra -Wextra-tokens -Wdeprecated-declarations -Wdivision-by-zero -Wdiv-by-zero -Wimplicit-function-declaration -Wimplicit-int -Wmisleading-indentation -Wpointer-arith -Wshorten-64-to-32 -Wwrite-strings -Wold-style-definition -Wmissing-noreturn -Wno-cast-function-type -Wno-constant-logical-operand -Wno-long-long -Wno-missing-field-initializers -Wno-overlength-strings -Wno-parentheses-equality -Wno-self-assign -Wno-tautological-compare -Wno-unused-parameter -Wno-unused-value -Wunused-variable -Wundef -fno-common -pipe  -fvisibility=hidden -Werror -c conftest.c&quot;
checked program was:
/* begin */
1: #include &quot;ruby.h&quot;
2: 
3: int main(int argc, char **argv)
4: {
5:   return !!argv[argc];
6: }
/* end */

--------------------
</code></pre>
                    <h2 id="解決策">解決策</h2>
                    <p>何日もグーグルで調べた結果、次の 2
                    つの手順でこれを解決しました。</p>
                    <pre><code>   sudo rm -rf $(xcode-select -p)
   xcode-select --install
</code></pre>
                    <pre><code>   export SDKROOT=$(xcrun --sdk macosx --show-sdk-path)
</code></pre>
                    <p>これは私にとってはうまくいきました。そうすれば、誰かの頭痛の種がなくなるはずです。</p>
        </article>
    </div>
  </main>
  <footer>
    <div class="container">
        <p>&copy; 2024 Techioz. All rights reserved.</p>
    </div>
  </footer>
</body>
</html>