<!DOCTYPE html>
<html>
<head>
  <meta charset="utf-8">
  <meta name="generator" content="pandoc">
  <meta name="viewport" content="width=device-width, initial-scale=1.0, user-scalable=yes">
  <link rel="icon" href="../favicon.ico" />
  <link rel="stylesheet" href="../style.css">
  <title>Ruby バージョンを 2.6.10 から 3.0.0 に更新中にエラーが発生しました | Techioz</title>
  <style type="text/css">code{white-space: pre;}</style>
  <script async src="https://pagead2.googlesyndication.com/pagead/js/adsbygoogle.js?client=ca-pub-1637770322917058"
     crossorigin="anonymous"></script>
  <!-- Google tag (gtag.js) -->
  <script async src="https://www.googletagmanager.com/gtag/js?id=G-DRM1ZRNLDN"></script>
  <script>
    window.dataLayer = window.dataLayer || [];
    function gtag(){dataLayer.push(arguments);}
    gtag('js', new Date());

    gtag('config', 'G-DRM1ZRNLDN');
  </script>
<script type="application/ld+json">
{
  "@context": "http://schema.org",
  "@type": "Article",
  "headline": "Ruby バージョンを 2.6.10 から 3.0.0 に更新中にエラーが発生しました",
  "author": {
    "@type": "Person",
    "address": "",
    "email": null,
    "identifier": "masyumaroking",
    "name": "masyumaroking"
  },
  "publisher": {
    "@type": "Person",
    "name": "masyumaroking"
  }
}
</script>
  <!--[if lt IE 9]>
    <script src="//cdnjs.cloudflare.com/ajax/libs/html5shiv/3.7.3/html5shiv-printshiv.min.js"></script>
  <![endif]-->
</head>
<body>
  <header>
    <div class="container">
        <h1>Techioz Blog</h1>
        <nav>
            <ul>
                <li><a href="#">Home</a></li>
                <li><a href="#">Articles</a></li>
                <li><a href="#">About</a></li>
                <li><a href="#">Contact</a></li>
            </ul>
        </nav>
    </div>
  </header>
  <main>
    <div class="container">
        <article>
                      <h2>Ruby バージョンを 2.6.10 から 3.0.0
に更新中にエラーが発生しました</h2>
                    <h2 id="概要">概要</h2>
                    <p>RVM を使用して Ruby
                    のバージョンを更新しようとすると問題が発生します。
                    RVM 自体の更新、最新の安定した Ruby
                    バージョンのインストール、デフォルトとしての設定など、推奨される手順に従いました。しかし、これらの努力にもかかわらず、私の環境では
                    Ruby のバージョンが正常に更新されないようです。 Ruby
                    –version
                    などのコマンドを実行すると、依然として古いバージョンが表示されます。また、RVM
                    をクリーンアップし、シェルを再起動し、PATH
                    を再確認してみましたが、問題は解決しません。 RVM
                    を使用して Ruby
                    バージョンをトラブルシューティングし、正常に更新する方法に関するガイダンスや洞察をいただければ幸いです。</p>
                    <p>たとえば、rvm install
                    3.0.0を実行すると、それが得られます</p>
                    <pre><code>Error running &#39;__rvm_make -j8&#39;, please read /Users/apple/.rvm/log/1703760048_ruby-3.0.0/make.log

There has been an error while running make. Halting the installation.```
</code></pre>
                    <p>そして、メイクログを確認すると、次のような結果が得られます。</p>
                    <pre><code>../.././include/ruby/ruby.h:1837:5: note: expanded from macro &#39;RUBY_CONST_ID_CACHE&#39;
    }
    ^
    ancdata.c:1440:36: note: &#39;)&#39; token is here
            ary = rb_attr_get(ctl, rb_intern(&quot;unix_rights&quot;));
                                   ^~~~~~~~~~~~~~~~~~~~~~~~
    ../.././include/ruby/ruby.h:1847:56: note: expanded from macro &#39;rb_intern&#39;
        __extension__ (RUBY_CONST_ID_CACHE((ID), (str))) : \
                                                       ^
    make[1]: *** [ext/openssl/all] Error 2
    make[1]: *** Waiting for unfinished jobs....`your text`
    linking shared-object json/ext/parser.bundle
    raddrinfo.c:2687:18: warning: &#39;(&#39; and &#39;{&#39; tokens introducing statement expression appear in         different macro expansion contexts [-Wcompound-token-split-by-macro]
    id_timeout = rb_intern(&quot;timeout&quot;);
                 ^~~~~~~~~~~~~~~~~~~~
../.././include/ruby/ruby.h:1847:23: note: expanded from macro &#39;rb_intern&#39;
        __extension__ (RUBY_CONST_ID_CACHE((ID), (str))) : \
                      ^
raddrinfo.c:2687:18: note: &#39;{&#39; token is here
    id_timeout = rb_intern(&quot;timeout&quot;);
                 ^~~~~~~~~~~~~~~~~~~~
../.././include/ruby/ruby.h:1847:24: note: expanded from macro &#39;rb_intern&#39;
        __extension__ (RUBY_CONST_ID_CACHE((ID), (str))) : \
                       ^~~~~~~~~~~~~~~~~~~~~~~~~~~~~~~~
../.././include/ruby/ruby.h:1832:5: note: expanded from macro &#39;RUBY_CONST_ID_CACHE&#39;
    {                                                   \
    ^
raddrinfo.c:2687:18: warning: &#39;}&#39; and &#39;)&#39; tokens terminating statement expression appear in different macro expansion contexts [-Wcompound-token-split-by-macro]
    id_timeout = rb_intern(&quot;timeout&quot;);
                 ^~~~~~~~~~~~~~~~~~~~
../.././include/ruby/ruby.h:1847:24: note: expanded from macro &#39;rb_intern&#39;
        __extension__ (RUBY_CONST_ID_CACHE((ID), (str))) : \
                       ^~~~~~~~~~~~~~~~~~~~~~~~~~~~~~~~
../.././include/ruby/ruby.h:1837:5: note: expanded from macro &#39;RUBY_CONST_ID_CACHE&#39;
    }
    ^
raddrinfo.c:2687:18: note: &#39;)&#39; token is here
    id_timeout = rb_intern(&quot;timeout&quot;);
                 ^~~~~~~~~~~~~~~~~~~~
../.././include/ruby/ruby.h:1847:56: note: expanded from macro &#39;rb_intern&#39;
        __extension__ (RUBY_CONST_ID_CACHE((ID), (str))) : \
                                                       ^
18 warnings generated.
30 warnings generated.
2 warnings generated.
linking shared-object socket.bundle
12 warnings generated.
linking shared-object ripper.bundle
make: *** [build-ext] Error 2
+__rvm_make:0&gt; return 2 
</code></pre>
                    <p>そしてrbenvで試してみるとこれが得られます</p>
                    <pre><code>BUILD FAILED (macOS 13.6.1 on x86_64 using ruby-build 20231225)
</code></pre>
                    <p>更新プロセスの推奨手順に従いました。これには、rvm
                    get stack を使用して RVM 自体を更新すること、rvm
                    install Ruby –latest を使用して最新の安定した Ruby
                    バージョンをインストールすること、および rvm use
                    Ruby –default
                    を使用して新しくインストールされたバージョンをデフォルトとして設定することが含まれます。</p>
                    <h2 id="解決策">解決策</h2>
                    <p>makefile にエラー make[1]: *** [ext/openssl/all]
                    Error 2 があるため、これを検討して、適切な Openssl
                    バイナリをリンクする必要があるとします。したがって、ターミナルで次のコマンドを発行します。</p>
                    <pre><code>which openssl
</code></pre>
                    <p>次のような結果が得られた場合:</p>
                    <pre><code>/usr/local/bin/openssl
</code></pre>
                    <p>次に、openssl バイナリがどこにあるかを make
                    に伝える必要があります。 what
                    コマンドから返されたパスを使用して、これを試してください。</p>
                    <pre><code>rvm install ruby-3.0.0 --with-openssl-dir=/usr/local/bin/openssl
</code></pre>
                    <p>openssl パスを何でも置き換えてください。</p>
        </article>
    </div>
  </main>
  <footer>
    <div class="container">
        <p>&copy; 2024 Techioz. All rights reserved.</p>
    </div>
  </footer>
</body>
</html>