<!DOCTYPE html>
<html>
<head>
  <meta charset="utf-8">
  <meta name="generator" content="pandoc">
  <meta name="viewport" content="width=device-width, initial-scale=1.0, user-scalable=yes">
  <link rel="icon" href="../favicon.ico" />
  <link rel="stylesheet" href="../style.css">
  <title>Ruby 3.3.0のインストールがasdfで失敗する | Techioz</title>
  <style type="text/css">code{white-space: pre;}</style>
  <script async src="https://pagead2.googlesyndication.com/pagead/js/adsbygoogle.js?client=ca-pub-1637770322917058"
     crossorigin="anonymous"></script>
  <!-- Google tag (gtag.js) -->
  <script async src="https://www.googletagmanager.com/gtag/js?id=G-DRM1ZRNLDN"></script>
  <script>
    window.dataLayer = window.dataLayer || [];
    function gtag(){dataLayer.push(arguments);}
    gtag('js', new Date());

    gtag('config', 'G-DRM1ZRNLDN');
  </script>
<script type="application/ld+json">
{
  "@context": "http://schema.org",
  "@type": "Article",
  "headline": "Ruby 3.3.0のインストールがasdfで失敗する",
  "author": {
    "@type": "Person",
    "address": "",
    "email": null,
    "identifier": "masyumaroking",
    "name": "masyumaroking"
  },
  "publisher": {
    "@type": "Person",
    "name": "masyumaroking"
  }
}
</script>
  <!--[if lt IE 9]>
    <script src="//cdnjs.cloudflare.com/ajax/libs/html5shiv/3.7.3/html5shiv-printshiv.min.js"></script>
  <![endif]-->
</head>
<body>
  <header>
    <div class="container">
        <h1>Techioz Blog</h1>
        <nav>
            <ul>
                <li><a href="#">Home</a></li>
                <li><a href="#">Articles</a></li>
                <li><a href="#">About</a></li>
                <li><a href="#">Contact</a></li>
            </ul>
        </nav>
    </div>
  </header>
  <main>
    <div class="container">
        <article>
                      <h2>Ruby 3.3.0のインストールがasdfで失敗する</h2>
                    <h2 id="概要">概要</h2>
                    <p>asdf マネージャーを使用して Mac に Ruby 3.3.0
                    バージョンをインストールしようとすると失敗します。
                    精神:
                    設定できませんでした。インストールされません。ビルドに失敗しました
                    (ruby-build 20240119 を使用した arm64 上の macOS
                    14.2.1)</p>
                    <p>エラー：</p>
                    <pre><code>==&gt; Installing ruby-3.3.0...
ruby-build: using gmp from homebrew
-&gt; ./configure &quot;--prefix=$HOME/.asdf/installs/ruby/3.3.0&quot; --with-openssl-dir=/opt/homebrew/opt/openssl@3 --enable-shared --with-gmp-dir=/opt/homebrew/opt/gmp --with-ext=openssl,psych,+
-&gt; make -j 10
*** Following extensions are not compiled:
psych:
    Could not be configured. It will not be installed.
    Check /var/folders/9d/t29qflyd5jx0c7pn5mdpn2040000gn/T/ruby-build.20240120105143.11952.M2QG45/ruby-3.3.0/ext/psych/mkmf.log for more details.

BUILD FAILED (macOS 14.2.1 on arm64 using ruby-build 20240119)
</code></pre>
                    <p>使っています</p>
                    <pre><code>asdf version
v0.14.0-ccdd47d
</code></pre>
                    <pre><code>brew -v     
Homebrew 4.2.4
</code></pre>
                    <p>マック Darwin カーネル バージョン 23.2.0: 2023 年
                    11 月 15 日水 21:53:18
                    PST。ルート:xnu-10002.61.3~2/RELEASE_ARM64_T6000
                    arm64</p>
                    <p>詳細:</p>
                    <pre><code>~$: cat /var/folders/9d/t29qflyd5jx0c7pn5mdpn2040000gn/T/ruby-build.20240120105143.11952.M2QG45/ruby-3.3.0/ext/psych/mkmf.log

~$:
pkg_config: checking for pkg-config for yaml-0.1... -------------------- not found

package configuration for yaml-0.1 is not found
--------------------

find_header: checking for yaml.h... -------------------- no

DYLD_LIBRARY_PATH=.:../.. &quot;clang -o conftest -I../../.ext/include/arm64-darwin23 -I../.././include -I../.././ext/psych -D_XOPEN_SOURCE -D_DARWIN_C_SOURCE -D_DARWIN_UNLIMITED_SELECT -D_REENTRANT   -fdeclspec -O3 -fno-fast-math -ggdb3 -Wall -Wextra -Wextra-tokens -Wdeprecated-declarations -Wdivision-by-zero -Wdiv-by-zero -Wimplicit-function-declaration -Wimplicit-int -Wpointer-arith -Wshorten-64-to-32 -Wwrite-strings -Wold-style-definition -Wmissing-noreturn -Wno-cast-function-type -Wno-constant-logical-operand -Wno-long-long -Wno-missing-field-initializers -Wno-overlength-strings -Wno-parentheses-equality -Wno-self-assign -Wno-tautological-compare -Wno-unused-parameter -Wno-unused-value -Wunused-variable -Wmisleading-indentation -Wundef -fno-common -pipe conftest.c  -L. -L../.. -L. -fstack-protector-strong -L/opt/homebrew/opt/gmp/lib  -arch arm64   -lruby.3.3-static -framework CoreFoundation -ldl -lobjc -lpthread   -lpthread  &quot;
ld: warning: ignoring duplicate libraries: &#39;-lpthread&#39;
checked program was:
/* begin */
1: #include &quot;ruby.h&quot;
2: 
3: int main(int argc, char **argv)
4: {
5:   return !!argv[argc];
6: }
/* end */

DYLD_LIBRARY_PATH=.:../.. &quot;clang -I../../.ext/include/arm64-darwin23 -I../.././include -I../.././ext/psych -D_XOPEN_SOURCE -D_DARWIN_C_SOURCE -D_DARWIN_UNLIMITED_SELECT -D_REENTRANT   -fdeclspec -O3 -fno-fast-math -ggdb3 -Wall -Wextra -Wextra-tokens -Wdeprecated-declarations -Wdivision-by-zero -Wdiv-by-zero -Wimplicit-function-declaration -Wimplicit-int -Wpointer-arith -Wshorten-64-to-32 -Wwrite-strings -Wold-style-definition -Wmissing-noreturn -Wno-cast-function-type -Wno-constant-logical-operand -Wno-long-long -Wno-missing-field-initializers -Wno-overlength-strings -Wno-parentheses-equality -Wno-self-assign -Wno-tautological-compare -Wno-unused-parameter -Wno-unused-value -Wunused-variable -Wmisleading-indentation -Wundef -fno-common -pipe -arch arm64  -c conftest.c&quot;
conftest.c:3:10: fatal error: &#39;yaml.h&#39; file not found
#include &lt;yaml.h&gt;
         ^~~~~~~~
1 error generated.
checked program was:
/* begin */
1: #include &quot;ruby.h&quot;
2: 
3: #include &lt;yaml.h&gt;
/* end */

--------------------

</code></pre>
                    <h2 id="解決策">解決策</h2>
                    <p>このエラーは、yaml.h
                    が見つからないことを示しています。
                    libyamlはインストールされていますか?このリンクからこれを試すことができます:
                    https://github.com/rbenv/ruby-build/Discussions/2012</p>
                    <pre><code>brew reinstall libyaml
gem install psych -- --with-libyaml-dir=$(brew --prefix libyaml)
export RUBY_CONFIGURE_OPTS=--with-libyaml-dir=$(brew --prefix libyaml)
asdf install ruby 3.3.0
</code></pre>
        </article>
    </div>
  </main>
  <footer>
    <div class="container">
        <p>&copy; 2024 Techioz. All rights reserved.</p>
    </div>
  </footer>
</body>
</html>