<!DOCTYPE html>
<html>
<head>
  <meta charset="utf-8">
  <meta name="generator" content="pandoc">
  <meta name="viewport" content="width=device-width, initial-scale=1.0, user-scalable=yes">
  <link rel="icon" href="../favicon.ico" />
  <link rel="stylesheet" href="../style.css">
  <title>mac os Rubyのインストールが失敗する -&gt; make -j 8 | Techioz</title>
  <style type="text/css">code{white-space: pre;}</style>
  <script async src="https://pagead2.googlesyndication.com/pagead/js/adsbygoogle.js?client=ca-pub-1637770322917058"
     crossorigin="anonymous"></script>
  <!-- Google tag (gtag.js) -->
  <script async src="https://www.googletagmanager.com/gtag/js?id=G-DRM1ZRNLDN"></script>
  <script>
    window.dataLayer = window.dataLayer || [];
    function gtag(){dataLayer.push(arguments);}
    gtag('js', new Date());

    gtag('config', 'G-DRM1ZRNLDN');
  </script>
<script type="application/ld+json">
{
  "@context": "http://schema.org",
  "@type": "Article",
  "headline": "mac os Rubyのインストールが失敗する -&gt; make -j 8",
  "author": {
    "@type": "Person",
    "address": "",
    "email": null,
    "identifier": "masyumaroking",
    "name": "masyumaroking"
  },
  "publisher": {
    "@type": "Person",
    "name": "masyumaroking"
  }
}
</script>
  <!--[if lt IE 9]>
    <script src="//cdnjs.cloudflare.com/ajax/libs/html5shiv/3.7.3/html5shiv-printshiv.min.js"></script>
  <![endif]-->
</head>
<body>
  <header>
    <div class="container">
        <h1>Techioz Blog</h1>
        <nav>
            <ul>
                <li><a href="#">Home</a></li>
                <li><a href="#">Articles</a></li>
                <li><a href="#">About</a></li>
                <li><a href="#">Contact</a></li>
            </ul>
        </nav>
    </div>
  </header>
  <main>
    <div class="container">
        <article>
                      <h2>mac os Rubyのインストールが失敗する -&gt; make
-j 8</h2>
                    <h2 id="概要">概要</h2>
                    <p>rbenv、rvm、asdf を試しましたが、すべて -&gt;
                    make -j 8 で失敗します。</p>
                    <pre><code>Apple M1
14.3 (Sonoma)
</code></pre>
                    <pre><code>asdf install ruby latest 
ruby-build: using openssl@3 from homebrew
==&gt; Downloading ruby-3.3.0.tar.gz...
-&gt; curl -q -fL -o ruby-3.3.0.tar.gz https://cache.ruby-lang.org/pub/ruby/3.3/ruby-3.3.0.tar.gz
  % Total    % Received % Xferd  Average Speed   Time    Time     Time  Current
                                 Dload  Upload   Total   Spent    Left  Speed
100 21.0M  100 21.0M    0     0  8732k      0  0:00:02  0:00:02 --:--:-- 8734k
==&gt; Installing ruby-3.3.0...
ruby-build: using libyaml from homebrew
ruby-build: using gmp from homebrew
-&gt; ./configure &quot;--prefix=$HOME/.asdf/installs/ruby/3.3.0&quot; --with-openssl-dir=/usr/local/opt/openssl@3 --enable-shared --with-libyaml-dir=/usr/local/opt/libyaml --with-gmp-dir=/usr/local/opt/gmp --with-ext=openssl,psych,+
-&gt; make -j 8
*** Following extensions are not compiled:
openssl:
        Could not be configured. It will not be installed.
        /private/var/folders/hz/hfxt6dnj14v6_6qt7t23ppm80000gn/T/ruby-build.20240226205446.26544.yrtoY7/ruby-3.3.0/ext/openssl/extconf.rb:122: OpenSSL library could not be found. You might want to use --with-openssl-dir=&lt;dir&gt; option to specify the prefix where OpenSSL is installed.
        Check /var/folders/hz/hfxt6dnj14v6_6qt7t23ppm80000gn/T/ruby-build.20240226205446.26544.yrtoY7/ruby-3.3.0/ext/openssl/mkmf.log for more details.
psych:
        Could not be configured. It will not be installed.
        Check /var/folders/hz/hfxt6dnj14v6_6qt7t23ppm80000gn/T/ruby-build.20240226205446.26544.yrtoY7/ruby-3.3.0/ext/psych/mkmf.log for more details.

BUILD FAILED (macOS 14.3 on arm64 using ruby-build 20240221)

You can inspect the build directory at /var/folders/hz/hfxt6dnj14v6_6qt7t23ppm80000gn/T/ruby-build.20240226205446.26544.yrtoY7
See the full build log at /var/folders/hz/hfxt6dnj14v6_6qt7t23ppm80000gn/T/ruby-build.20240226205446.26544.log
</code></pre>
                    <pre><code>brew --prefix openssl
/usr/local/opt/openssl@3
ls -la /usr/local/opt/openssl@3
lrwxr-xr-x@ 1 a  admin  25 Feb 26 20:54 /usr/local/opt/openssl@3 -&gt; ../Cellar/openssl@3/3.2.1
</code></pre>
                    <p>ログ</p>
                    <pre><code>=== Checking for required stuff failed. ===
Makefile wasn&#39;t created. Fix the errors above.
/private/var/folders/hz/hfxt6dnj14v6_6qt7t23ppm80000gn/T/ruby-build.20240226205446.26544.yrtoY7/ruby-3.3.0/ext/openssl/extconf.rb:122: OpenSSL library could not be found. You might want to use --with-openssl-dir=&lt;dir&gt; option to specify the prefix where OpenSSL is installed.
    /private/var/folders/hz/hfxt6dnj14v6_6qt7t23ppm80000gn/T/ruby-build.20240226205446.26544.yrtoY7/ruby-3.3.0/ext/openssl/extconf.rb:122:in `&lt;top (required)&gt;&#39;
    ./ext/extmk.rb:219:in `load&#39;
    ./ext/extmk.rb:219:in `block in extmake&#39;
    /private/var/folders/hz/hfxt6dnj14v6_6qt7t23ppm80000gn/T/ruby-build.20240226205446.26544.yrtoY7/ruby-3.3.0/lib/mkmf.rb:314:in `open&#39;
    ./ext/extmk.rb:215:in `extmake&#39;
    ./ext/extmk.rb:634:in `block in &lt;main&gt;&#39;
    ./ext/extmk.rb:630:in `each&#39;
    ./ext/extmk.rb:630:in `&lt;main&gt;&#39;
</code></pre>
                    <pre><code>ld: warning: ignoring file &#39;/usr/local/Cellar/libyaml/0.2.5/lib/libyaml-0.2.dylib&#39;: found architecture &#39;x86_64&#39;, required architecture &#39;arm64&#39;
ld: Undefined symbols:
  _yaml_get_version, referenced from:
      _t in conftest-a05b11.o
clang: error: linker command failed with exit code 1 (use -v to see invocation)
checked program was:
/* begin */
 1: #include &quot;ruby.h&quot;
 2:
 3: /*top*/
 4: extern int t(void);
 5: int main(int argc, char **argv)
 6: {
 7:   if (argc &gt; 1000000) {
 8:     int (* volatile tp)(void)=(int (*)(void))&amp;t;
 9:     printf(&quot;%d&quot;, (*tp)());
10:   }
11:
12:   return !!argv[argc];
13: }
14: extern void yaml_get_version();
15: int t(void) { yaml_get_version(); return 0; }
/* end */
</code></pre>
                    <h2 id="解決策">解決策</h2>
                    <p>私の醸造は次のように設定されました：</p>
                    <pre><code>which brew
/usr/local/bin/brew
</code></pre>
                    <p>これが原因で x86
                    でインストールされていました。</p>
                    <p>次のように設定されていることを確認しました。</p>
                    <pre><code>which brew
/opt/homebrew/bin/brew
</code></pre>
                    <p>M1 Mac に arm64
                    を使用して適切にインストールするには。</p>
                    <p>これにより、Ruby を正常にインストールするための
                    openssl、libyaml、psych
                    などの問題が解決されました。</p>
        </article>
    </div>
  </main>
  <footer>
    <div class="container">
        <p>&copy; 2024 Techioz. All rights reserved.</p>
    </div>
  </footer>
</body>
</html>