<!DOCTYPE html>
<html>
<head>
  <meta charset="utf-8">
  <meta name="generator" content="pandoc">
  <meta name="viewport" content="width=device-width, initial-scale=1.0, user-scalable=yes">
  <link rel="icon" href="../favicon.ico" />
  <link rel="stylesheet" href="../style.css">
  <title>Gem::Ext::BuildError: エラー: gem ネイティブ拡張機能 unicode のビルドに失敗しました。c:1058:20: [-Wincompatibility-function-pointer-types] | Techioz</title>
  <style type="text/css">code{white-space: pre;}</style>
  <script async src="https://pagead2.googlesyndication.com/pagead/js/adsbygoogle.js?client=ca-pub-1637770322917058"
     crossorigin="anonymous"></script>
  <!-- Google tag (gtag.js) -->
  <script async src="https://www.googletagmanager.com/gtag/js?id=G-DRM1ZRNLDN"></script>
  <script>
    window.dataLayer = window.dataLayer || [];
    function gtag(){dataLayer.push(arguments);}
    gtag('js', new Date());

    gtag('config', 'G-DRM1ZRNLDN');
  </script>
<script type="application/ld+json">
{
  "@context": "http://schema.org",
  "@type": "Article",
  "headline": "Gem::Ext::BuildError: エラー: gem ネイティブ拡張機能 unicode のビルドに失敗しました。c:1058:20: [-Wincompatibility-function-pointer-types]",
  "author": {
    "@type": "Person",
    "address": "",
    "email": null,
    "identifier": "masyumaroking",
    "name": "masyumaroking"
  },
  "publisher": {
    "@type": "Person",
    "name": "masyumaroking"
  }
}
</script>
  <!--[if lt IE 9]>
    <script src="//cdnjs.cloudflare.com/ajax/libs/html5shiv/3.7.3/html5shiv-printshiv.min.js"></script>
  <![endif]-->
</head>
<body>
  <header>
    <div class="container">
        <h1>Techioz Blog</h1>
        <nav>
            <ul>
                <li><a href="#">Home</a></li>
                <li><a href="#">Articles</a></li>
                <li><a href="#">About</a></li>
                <li><a href="#">Contact</a></li>
            </ul>
        </nav>
    </div>
  </header>
  <main>
    <div class="container">
        <article>
                      <h2>Gem::Ext::BuildError: エラー: gem
ネイティブ拡張機能 unicode のビルドに失敗しました。c:1058:20:
[-Wincompatibility-function-pointer-types]</h2>
                    <h2 id="概要">概要</h2>
                    <p>私の環境に関する詳細:</p>
                    <p>プロジェクトの gem をインストールするために
                    Bundle install
                    を実行しようとしていますが、次のエラーが発生します。</p>
                    <pre><code>Installing unicode 0.4.4.4 with native extensions
Gem::Ext::BuildError: ERROR: Failed to build gem native extension.

    current directory: /Users/john.doe/.rbenv/versions/3.2.0/lib/ruby/gems/3.2.0/gems/unicode-0.4.4.4/ext/unicode
/Users/john.doe/.rbenv/versions/3.2.0/bin/ruby -I /Users/john.doe/.rbenv/versions/3.2.0/lib/ruby/site_ruby/3.2.0 extconf.rb --with-cflags\=-Wno-error\=implicit-function-declaration
creating Makefile

current directory: /Users/john.doe/.rbenv/versions/3.2.0/lib/ruby/gems/3.2.0/gems/unicode-0.4.4.4/ext/unicode
make DESTDIR\= sitearchdir\=./.gem.20240308-48017-ak1bt1 sitelibdir\=./.gem.20240308-48017-ak1bt1 clean

current directory: /Users/john.doe/.rbenv/versions/3.2.0/lib/ruby/gems/3.2.0/gems/unicode-0.4.4.4/ext/unicode
make DESTDIR\= sitearchdir\=./.gem.20240308-48017-ak1bt1 sitelibdir\=./.gem.20240308-48017-ak1bt1
compiling unicode.c
unicode.c:37:7: warning: &#39;RB_OBJ_TAINTED&#39; is deprecated: taintedness turned out to be a wrong idea. [-Wdeprecated-declarations]
  if (OBJ_TAINTED(src))
      ^
/Users/john.doe/.rbenv/versions/3.2.0/include/ruby-3.2.0/ruby/internal/fl_type.h:151:25: note: expanded from macro &#39;OBJ_TAINTED&#39;
#define OBJ_TAINTED     RB_OBJ_TAINTED     /**&lt; @old{RB_OBJ_TAINTED} */
                        ^
/Users/john.doe/.rbenv/versions/3.2.0/include/ruby-3.2.0/ruby/internal/fl_type.h:118:30: note: expanded from macro &#39;RB_OBJ_TAINTED&#39;
#define RB_OBJ_TAINTED       RB_OBJ_TAINTED
                             ^
/Users/john.doe/.rbenv/versions/3.2.0/include/ruby-3.2.0/ruby/internal/fl_type.h:812:1: note: &#39;RB_OBJ_TAINTED&#39; has been explicitly marked deprecated here
RBIMPL_ATTR_DEPRECATED((&quot;taintedness turned out to be a wrong idea.&quot;))
^
/Users/john.doe/.rbenv/versions/3.2.0/include/ruby-3.2.0/ruby/internal/attr/deprecated.h:36:53: note: expanded from macro &#39;RBIMPL_ATTR_DEPRECATED&#39;
# define RBIMPL_ATTR_DEPRECATED(msg) __attribute__((__deprecated__ msg))
                                                    ^
unicode.c:38:5: warning: &#39;RB_OBJ_TAINT&#39; is deprecated: taintedness turned out to be a wrong idea. [-Wdeprecated-declarations]
    OBJ_TAINT(obj);
    ^
/Users/john.doe/.rbenv/versions/3.2.0/include/ruby-3.2.0/ruby/internal/fl_type.h:149:25: note: expanded from macro &#39;OBJ_TAINT&#39;
#define OBJ_TAINT       RB_OBJ_TAINT       /**&lt; @old{RB_OBJ_TAINT} */
                        ^
/Users/john.doe/.rbenv/versions/3.2.0/include/ruby-3.2.0/ruby/internal/fl_type.h:116:30: note: expanded from macro &#39;RB_OBJ_TAINT&#39;
#define RB_OBJ_TAINT         RB_OBJ_TAINT
                             ^
/Users/john.doe/.rbenv/versions/3.2.0/include/ruby-3.2.0/ruby/internal/fl_type.h:843:1: note: &#39;RB_OBJ_TAINT&#39; has been explicitly marked deprecated here
RBIMPL_ATTR_DEPRECATED((&quot;taintedness turned out to be a wrong idea.&quot;))
^
/Users/john.doe/.rbenv/versions/3.2.0/include/ruby-3.2.0/ruby/internal/attr/deprecated.h:36:53: note: expanded from macro &#39;RBIMPL_ATTR_DEPRECATED&#39;
# define RBIMPL_ATTR_DEPRECATED(msg) __attribute__((__deprecated__ msg))
                                                    ^
unicode.c:1039:20: error: incompatible function pointer types passing &#39;VALUE (get_categories_param *)&#39; (aka &#39;unsigned long (struct _get_categories_param *)&#39;) to parameter of type &#39;VALUE (*)(VALUE)&#39; (aka &#39;unsigned long (*)(unsigned long)&#39;) [-Wincompatible-function-pointer-types]
  return rb_ensure(get_categories_internal, (VALUE)&amp;param,
                   ^~~~~~~~~~~~~~~~~~~~~~~
/Users/john.doe/.rbenv/versions/3.2.0/include/ruby-3.2.0/ruby/internal/iterator.h:425:25: note: passing argument to parameter &#39;b_proc&#39; here
VALUE rb_ensure(VALUE (*b_proc)(VALUE), VALUE data1, VALUE (*e_proc)(VALUE), VALUE data2);
                        ^
unicode.c:1040:20: error: incompatible function pointer types passing &#39;VALUE (WString *)&#39; (aka &#39;unsigned long (struct _WString *)&#39;) to parameter of type &#39;VALUE (*)(VALUE)&#39; (aka &#39;unsigned long (*)(unsigned long)&#39;) [-Wincompatible-function-pointer-types]
                   get_categories_ensure, (VALUE)&amp;wstr);
                   ^~~~~~~~~~~~~~~~~~~~~
/Users/john.doe/.rbenv/versions/3.2.0/include/ruby-3.2.0/ruby/internal/iterator.h:425:62: note: passing argument to parameter &#39;e_proc&#39; here
VALUE rb_ensure(VALUE (*b_proc)(VALUE), VALUE data1, VALUE (*e_proc)(VALUE), VALUE data2);
                                                             ^
unicode.c:1057:20: error: incompatible function pointer types passing &#39;VALUE (get_categories_param *)&#39; (aka &#39;unsigned long (struct _get_categories_param *)&#39;) to parameter of type &#39;VALUE (*)(VALUE)&#39; (aka &#39;unsigned long (*)(unsigned long)&#39;) [-Wincompatible-function-pointer-types]
  return rb_ensure(get_categories_internal, (VALUE)&amp;param,
                   ^~~~~~~~~~~~~~~~~~~~~~~
/Users/john.doe/.rbenv/versions/3.2.0/include/ruby-3.2.0/ruby/internal/iterator.h:425:25: note: passing argument to parameter &#39;b_proc&#39; here
VALUE rb_ensure(VALUE (*b_proc)(VALUE), VALUE data1, VALUE (*e_proc)(VALUE), VALUE data2);
                        ^
unicode.c:1058:20: error: incompatible function pointer types passing &#39;VALUE (WString *)&#39; (aka &#39;unsigned long (struct _WString *)&#39;) to parameter of type &#39;VALUE (*)(VALUE)&#39; (aka &#39;unsigned long (*)(unsigned long)&#39;) [-Wincompatible-function-pointer-types]
                   get_categories_ensure, (VALUE)&amp;wstr);
                   ^~~~~~~~~~~~~~~~~~~~~
.
.
.
2 warnings and 6 errors generated.
make: *** [unicode.o] Error 1

make failed, exit code 2

Gem files will remain installed in /Users/john.doe/.rbenv/versions/3.2.0/lib/ruby/gems/3.2.0/gems/unicode-0.4.4.4 for inspection.
Results logged to /Users/john.doe/.rbenv/versions/3.2.0/lib/ruby/gems/3.2.0/extensions/arm64-darwin-23/3.2.0/unicode-0.4.4.4/gem_make.out

  /Users/john.doe/.rbenv/versions/3.2.0/lib/ruby/site_ruby/3.2.0/rubygems/ext/builder.rb:102:in `run&#39;
  /Users/john.doe/.rbenv/versions/3.2.0/lib/ruby/site_ruby/3.2.0/rubygems/ext/builder.rb:51:in `block in make&#39;
  /Users/john.doe/.rbenv/versions/3.2.0/lib/ruby/site_ruby/3.2.0/rubygems/ext/builder.rb:43:in `each&#39;
  /Users/john.doe/.rbenv/versions/3.2.0/lib/ruby/site_ruby/3.2.0/rubygems/ext/builder.rb:43:in `make&#39;
  /Users/john.doe/.rbenv/versions/3.2.0/lib/ruby/site_ruby/3.2.0/rubygems/ext/ext_conf_builder.rb:42:in `build&#39;
  /Users/john.doe/.rbenv/versions/3.2.0/lib/ruby/site_ruby/3.2.0/rubygems/ext/builder.rb:170:in `build_extension&#39;
  /Users/john.doe/.rbenv/versions/3.2.0/lib/ruby/site_ruby/3.2.0/rubygems/ext/builder.rb:204:in `block in build_extensions&#39;
  /Users/john.doe/.rbenv/versions/3.2.0/lib/ruby/site_ruby/3.2.0/rubygems/ext/builder.rb:201:in `each&#39;
  /Users/john.doe/.rbenv/versions/3.2.0/lib/ruby/site_ruby/3.2.0/rubygems/ext/builder.rb:201:in `build_extensions&#39;
  /Users/john.doe/.rbenv/versions/3.2.0/lib/ruby/site_ruby/3.2.0/rubygems/installer.rb:843:in `build_extensions&#39;
  /Users/john.doe/.rbenv/versions/3.2.0/lib/ruby/gems/3.2.0/gems/bundler-2.5.6/lib/bundler/rubygems_gem_installer.rb:76:in `build_extensions&#39;
  /Users/john.doe/.rbenv/versions/3.2.0/lib/ruby/gems/3.2.0/gems/bundler-2.5.6/lib/bundler/rubygems_gem_installer.rb:28:in `install&#39;
  /Users/john.doe/.rbenv/versions/3.2.0/lib/ruby/gems/3.2.0/gems/bundler-2.5.6/lib/bundler/source/rubygems.rb:205:in `install&#39;
  /Users/john.doe/.rbenv/versions/3.2.0/lib/ruby/gems/3.2.0/gems/bundler-.
.
.
An error occurred while installing unicode (0.4.4.4), and Bundler cannot continue.
</code></pre>
                    <p>ご協力いただければ幸いです。 ありがとう。</p>
                    <h2 id="解決策">解決策</h2>
                    <p>これを使って：</p>
                    <p>gem install unicode –
                    –with-cflags=“-Wno-incompatibility-function-pointer-types”</p>
        </article>
    </div>
  </main>
  <footer>
    <div class="container">
        <p>&copy; 2024 Techioz. All rights reserved.</p>
    </div>
  </footer>
</body>
</html>