<!DOCTYPE html>
<html>
<head>
  <meta charset="utf-8">
  <meta name="generator" content="pandoc">
  <meta name="viewport" content="width=device-width, initial-scale=1.0, user-scalable=yes">
  <link rel="icon" href="../favicon.ico" />
  <title>RVM çµŒç”±ã§ Ruby 2.0.0 ã‚’ã‚¤ãƒ³ã‚¹ãƒˆãƒ¼ãƒ«ã§ããªã„ | æ˜¼å¯ç‹å­ã®ã‚¨ãƒ³ã‚¸ãƒ‹ã‚¢ãƒ–ãƒ­ã‚°</title>
  <style type="text/css">code{white-space: pre;}</style>
  <script async src="https://pagead2.googlesyndication.com/pagead/js/adsbygoogle.js?client=ca-pub-1637770322917058"
     crossorigin="anonymous"></script>
  <!-- Google tag (gtag.js) -->
  <script async src="https://www.googletagmanager.com/gtag/js?id=G-GV53GJEY2E"></script>
  <script>
    window.dataLayer = window.dataLayer || [];
    function gtag(){dataLayer.push(arguments);}
    gtag('js', new Date());

    gtag('config', 'G-GV53GJEY2E');
  </script>
<script type="application/ld+json">
{
  "@context": "http://schema.org",
  "@type": "Article",
  "headline": "RVM çµŒç”±ã§ Ruby 2.0.0 ã‚’ã‚¤ãƒ³ã‚¹ãƒˆãƒ¼ãƒ«ã§ããªã„",
  "author": {
    "@type": "Person",
    "address": "",
    "email": null,
    "identifier": "masyumaroking",
    "name": "masyumaroking"
  },
  "publisher": {
    "@type": "Person",
    "name": "masyumaroking"
  }
}
</script>
  <!-- Style for Markdown -->
  <style>
  .md2html-container {
    max-width: 800px;
    margin: 0 auto;
  }
  .md2html-container > h1:first-child {
    margin-top: 0;
  }
  body {
  font-family: Helvetica, arial, sans-serif;
  font-size: 14px;
  line-height: 1.6;
  padding-top: 10px;
  padding-bottom: 10px;
  background-color: white;
  padding: 30px; }

body > *:first-child {
  margin-top: 0 !important; }
body > *:last-child {
  margin-bottom: 0 !important; }

a {
  color: #4183C4; }
a.absent {
  color: #cc0000; }
a.anchor {
  display: block;
  padding-left: 30px;
  margin-left: -30px;
  cursor: pointer;
  position: absolute;
  top: 0;
  left: 0;
  bottom: 0; }

h1, h2, h3, h4, h5, h6 {
  margin: 20px 0 10px;
  padding: 0;
  font-weight: bold;
  -webkit-font-smoothing: antialiased;
  cursor: text;
  position: relative; }

h1:hover a.anchor, h2:hover a.anchor, h3:hover a.anchor, h4:hover a.anchor, h5:hover a.anchor, h6:hover a.anchor {
  background: url("../../images/modules/styleguide/para.png") no-repeat 10px center;
  text-decoration: none; }

h1 tt, h1 code {
  font-size: inherit; }

h2 tt, h2 code {
  font-size: inherit; }

h3 tt, h3 code {
  font-size: inherit; }

h4 tt, h4 code {
  font-size: inherit; }

h5 tt, h5 code {
  font-size: inherit; }

h6 tt, h6 code {
  font-size: inherit; }

h1 {
  font-size: 28px;
  color: black; }

h2 {
  font-size: 24px;
  border-bottom: 1px solid #cccccc;
  color: black; }

h3 {
  font-size: 18px; }

h4 {
  font-size: 16px; }

h5 {
  font-size: 14px; }

h6 {
  color: #777777;
  font-size: 14px; }

p, blockquote, ul, ol, dl, li, table, pre {
  margin: 15px 0; }

hr {
  background: transparent url("../../images/modules/pulls/dirty-shade.png") repeat-x 0 0;
  border: 0 none;
  color: #cccccc;
  height: 4px;
  padding: 0; }

body > h2:first-child {
  margin-top: 0;
  padding-top: 0; }
body > h1:first-child {
  margin-top: 0;
  padding-top: 0; }
  body > h1:first-child + h2 {
    margin-top: 0;
    padding-top: 0; }
body > h3:first-child, body > h4:first-child, body > h5:first-child, body > h6:first-child {
  margin-top: 0;
  padding-top: 0; }

a:first-child h1, a:first-child h2, a:first-child h3, a:first-child h4, a:first-child h5, a:first-child h6 {
  margin-top: 0;
  padding-top: 0; }

h1 p, h2 p, h3 p, h4 p, h5 p, h6 p {
  margin-top: 0; }

li p.first {
  display: inline-block; }

ul, ol {
  padding-left: 30px; }

ul :first-child, ol :first-child {
  margin-top: 0; }

ul :last-child, ol :last-child {
  margin-bottom: 0; }

dl {
  padding: 0; }
  dl dt {
    font-size: 14px;
    font-weight: bold;
    font-style: italic;
    padding: 0;
    margin: 15px 0 5px; }
    dl dt:first-child {
      padding: 0; }
    dl dt > :first-child {
      margin-top: 0; }
    dl dt > :last-child {
      margin-bottom: 0; }
  dl dd {
    margin: 0 0 15px;
    padding: 0 15px; }
    dl dd > :first-child {
      margin-top: 0; }
    dl dd > :last-child {
      margin-bottom: 0; }

blockquote {
  border-left: 4px solid #dddddd;
  padding: 0 15px;
  color: #777777; }
  blockquote > :first-child {
    margin-top: 0; }
  blockquote > :last-child {
    margin-bottom: 0; }

table {
  border-collapse: collapse;
  padding: 0; }
  table tr {
    border-top: 1px solid #cccccc;
    background-color: white;
    margin: 0;
    padding: 0; }
    table tr:nth-child(2n) {
      background-color: #f8f8f8; }
    table tr th {
      font-weight: bold;
      border: 1px solid #cccccc;
      text-align: left;
      margin: 0;
      padding: 6px 13px; }
    table tr td {
      border: 1px solid #cccccc;
      text-align: left;
      margin: 0;
      padding: 6px 13px; }
    table tr th :first-child, table tr td :first-child {
      margin-top: 0; }
    table tr th :last-child, table tr td :last-child {
      margin-bottom: 0; }

img {
  max-width: 100%; }

span.frame {
  display: block;
  overflow: hidden; }
  span.frame > span {
    border: 1px solid #dddddd;
    display: block;
    float: left;
    overflow: hidden;
    margin: 13px 0 0;
    padding: 7px;
    width: auto; }
  span.frame span img {
    display: block;
    float: left; }
  span.frame span span {
    clear: both;
    color: #333333;
    display: block;
    padding: 5px 0 0; }
span.align-center {
  display: block;
  overflow: hidden;
  clear: both; }
  span.align-center > span {
    display: block;
    overflow: hidden;
    margin: 13px auto 0;
    text-align: center; }
  span.align-center span img {
    margin: 0 auto;
    text-align: center; }
span.align-right {
  display: block;
  overflow: hidden;
  clear: both; }
  span.align-right > span {
    display: block;
    overflow: hidden;
    margin: 13px 0 0;
    text-align: right; }
  span.align-right span img {
    margin: 0;
    text-align: right; }
span.float-left {
  display: block;
  margin-right: 13px;
  overflow: hidden;
  float: left; }
  span.float-left span {
    margin: 13px 0 0; }
span.float-right {
  display: block;
  margin-left: 13px;
  overflow: hidden;
  float: right; }
  span.float-right > span {
    display: block;
    overflow: hidden;
    margin: 13px auto 0;
    text-align: right; }

code, tt {
  margin: 0 2px;
  padding: 0 5px;
  white-space: nowrap;
  border: 1px solid #eaeaea;
  background-color: #f8f8f8;
  border-radius: 3px; }

pre code {
  margin: 0;
  padding: 0;
  white-space: pre;
  border: none;
  background: transparent; }

.highlight pre {
  background-color: #f8f8f8;
  border: 1px solid #cccccc;
  font-size: 13px;
  line-height: 19px;
  overflow: auto;
  padding: 6px 10px;
  border-radius: 3px; }

pre {
  background-color: #f8f8f8;
  border: 1px solid #cccccc;
  font-size: 13px;
  line-height: 19px;
  overflow: auto;
  padding: 6px 10px;
  border-radius: 3px; }
  pre code, pre tt {
    background-color: transparent;
    border: none; }
  </style>
  <!--[if lt IE 9]>
    <script src="//cdnjs.cloudflare.com/ajax/libs/html5shiv/3.7.3/html5shiv-printshiv.min.js"></script>
  <![endif]-->
</head>
<body>
  <div class="md2html-container">
<header>
<h1 class="title">RVM çµŒç”±ã§ Ruby 2.0.0 ã‚’ã‚¤ãƒ³ã‚¹ãƒˆãƒ¼ãƒ«ã§ããªã„</h1>
</header>
<h2 id="æ¦‚è¦">æ¦‚è¦</h2>
<p>RVM ã¨ä¸€ç·’ã« Ruby 2.0.0 ã‚’ã‚¤ãƒ³ã‚¹ãƒˆãƒ¼ãƒ«ã™ã‚‹å¿…è¦ãŒã‚ã‚‹ãƒ¬ã‚¬ã‚·ãƒ¼
ã‚³ãƒ¼ãƒ‰ãƒ™ãƒ¼ã‚¹ã‚’ç¶™æ‰¿ã—ã¾ã—ãŸã€‚ç§ã¯ Mac OS X Catalina
ã‚’ä½¿ç”¨ã—ã¦ã„ã¾ã™ãŒã€Ruby 2.0.0 ã®ã‚¤ãƒ³ã‚¹ãƒˆãƒ¼ãƒ©ãƒ¼ãŒå‹•ä½œã—ã¾ã›ã‚“ã€‚</p>
<p>RVM è‡ªä½“ã®ã‚¤ãƒ³ã‚¹ãƒˆãƒ¼ãƒ«ã‹ã‚‰ Ruby 2.0.0
ã®ã‚¤ãƒ³ã‚¹ãƒˆãƒ¼ãƒ«ã«è‡³ã‚‹ã¾ã§ã®ã€ç§ã®ã‚¤ãƒ³ã‚¹ãƒˆãƒ¼ãƒ«è©¦è¡Œã®æ§˜å­ã‚’æ¬¡ã«ç¤ºã—ã¾ã™ã€‚</p>
<pre><code>nbyrd$ \curl -sSL https://get.rvm.io | bash -s stable
Downloading https://github.com/rvm/rvm/archive/1.29.10.tar.gz
Downloading https://github.com/rvm/rvm/releases/download/1.29.10/1.29.10.tar.gz.asc
gpg: Signature made Wed Mar 25 14:58:42 2020 PDT
gpg:                using RSA key 7D2BAF1CF37B13E2069D6956105BD0E739499BDB
gpg: Good signature from &quot;Piotr Kuczynski &lt;[emailÂ protected]&gt;&quot; [unknown]
gpg: WARNING: This key is not certified with a trusted signature!
gpg:          There is no indication that the signature belongs to the owner.
Primary key fingerprint: 7D2B AF1C F37B 13E2 069D  6956 105B D0E7 3949 9BDB
GPG verified &#39;/Users/nbyrd/.rvm/archives/rvm-1.29.10.tgz&#39;
Installing RVM to /Users/nbyrd/.rvm/
    RVM PATH line found in /Users/nbyrd/.mkshrc.
    RVM PATH line not found for Bash or Zsh, rerun this command with &#39;--auto-dotfiles&#39; flag to fix it.
    RVM sourcing line found in /Users/nbyrd/.profile /Users/nbyrd/.bash_profile /Users/nbyrd/.zlogin.
Installation of RVM in /Users/nbyrd/.rvm/ is almost complete:

  * To start using RVM you need to run `source /Users/nbyrd/.rvm/scripts/rvm`
    in all your open shell windows, in rare cases you need to reopen all shell windows.
Thanks for installing RVM ğŸ™
Please consider donating to our open collective to help us maintain RVM.

ğŸ‘‰  Donate: https://opencollective.com/rvm/donate


nbyrd$ source ~/.profile
nbyrd$ rvm autolibs enable
nbyrd$ rvm install 2.0.0 --force
Searching for binary rubies, this might take some time.
No binary rubies available for: osx/10.15/x86_64/ruby-2.0.0-p648.
Continuing with compilation. Please read &#39;rvm help mount&#39; to get more information on binary rubies.
Checking requirements for osx.
Warning: Calling `brew list` to only list formulae is deprecated! Use `brew list --formula` instead.
Warning: Calling `brew list` to only list formulae is deprecated! Use `brew list --formula` instead.
Warning: Calling `brew list` to only list formulae is deprecated! Use `brew list --formula` instead.
Warning: Calling `brew list` to only list formulae is deprecated! Use `brew list --formula` instead.
Warning: Calling `brew list` to only list formulae is deprecated! Use `brew list --formula` instead.
Warning: Calling `brew list` to only list formulae is deprecated! Use `brew list --formula` instead.
Warning: Calling `brew list` to only list formulae is deprecated! Use `brew list --formula` instead.
Warning: Calling `brew list` to only list formulae is deprecated! Use `brew list --formula` instead.
Warning: Calling `brew list` to only list formulae is deprecated! Use `brew list --formula` instead.
Warning: Calling `brew list` to only list formulae is deprecated! Use `brew list --formula` instead.
Warning: Calling `brew list` to only list formulae is deprecated! Use `brew list --formula` instead.
Warning: Calling `brew list` to only list formulae is deprecated! Use `brew list --formula` instead.
Installing requirements for osx.
Updating system.......
Installing required packages: openssl.
Updating certificates bundle &#39;/usr/local/etc/[emailÂ protected]/cert.pem&#39;
Requirements installation successful.
Installing Ruby from source to: /Users/nbyrd/.rvm/rubies/ruby-2.0.0-p648, this may take a while depending on your cpu(s)...
ruby-2.0.0-p648 - #downloading ruby-2.0.0-p648, this may take a while depending on your connection...
  % Total    % Received % Xferd  Average Speed   Time    Time     Time  Current
                                 Dload  Upload   Total   Spent    Left  Speed
100 10.2M  100 10.2M    0     0  18.2M      0 --:--:-- --:--:-- --:--:-- 18.2M
ruby-2.0.0-p648 - #extracting ruby-2.0.0-p648 to /Users/nbyrd/.rvm/src/ruby-2.0.0-p648.....
ruby-2.0.0-p648 - #applying patch /Users/nbyrd/.rvm/patches/ruby/2.0.0/openssl3.patch.
ruby-2.0.0-p648 - #applying patch /Users/nbyrd/.rvm/patches/ruby/2.0.0/update-autoconf.patch.
ruby-2.0.0-p648 - #configuring.................................................
ruby-2.0.0-p648 - #post-configuration.
ruby-2.0.0-p648 - #compiling......................
Error running &#39;__rvm_make -j8&#39;,
please read /Users/nbyrd/.rvm/log/1605305278_ruby-2.0.0-p648/make.log

There has been an error while running make. Halting the installation.
</code></pre>
<p>ã‚¨ãƒ©ãƒ¼
ãƒ¡ãƒƒã‚»ãƒ¼ã‚¸ã§å‚ç…§ã•ã‚Œã¦ã„ã‚‹ã€Œmake.logã€ãƒ•ã‚¡ã‚¤ãƒ«ã®å†…å®¹ã¯æ¬¡ã®ã¨ãŠã‚Šã§ã™ã€‚</p>
<pre><code>[2020-11-13 14:09:14] __rvm_make
__rvm_make () 
{ 
    \make &quot;$@&quot; || return $?
}
current path: /Users/nbyrd/.rvm/src/ruby-2.0.0-p648
PATH=/usr/local/opt/coreutils/bin:/usr/local/opt/pkg-config/bin:/usr/local/opt/libtool/bin:/usr/local/opt/automake/bin:/usr/local/opt/autoconf/bin:/usr/local/sbin:/Users/nbyrd/.yarn/bin:/Users/nbyrd/.config/yarn/global/node_modules/.bin:/usr/local/sbin:/Users/nbyrd/.yarn/bin:/Users/nbyrd/.config/yarn/global/node_modules/.bin:/usr/local/sbin:/Users/nbyrd/.yarn/bin:/Users/nbyrd/.config/yarn/global/node_modules/.bin:/Users/nbyrd/.nvm/versions/node/v10.15.3/bin:/usr/local/bin:/usr/bin:/bin:/usr/sbin:/sbin:/Users/nbyrd/.rvm/bin
command(2): __rvm_make -j8
++ make -j8
    CC = /usr/bin/clang
    LD = ld
    LDSHARED = /usr/bin/clang -dynamiclib
    CFLAGS = -O3 -fno-fast-math -ggdb3 -Wall -Wextra -Wno-unused-parameter -Wno-parentheses -Wno-long-long -Wno-missing-field-initializers -Wunused-variable -Wpointer-arith -Wwrite-strings -Wdeclaration-after-statement -Wshorten-64-to-32 -Wimplicit-function-declaration   -fno-common -pipe 
    XCFLAGS = -include ruby/config.h -include ruby/missing.h -D_FORTIFY_SOURCE=2 -fstack-protector -fno-strict-overflow -fvisibility=hidden -DRUBY_EXPORT
    CPPFLAGS = -D_XOPEN_SOURCE -D_DARWIN_C_SOURCE -D_DARWIN_UNLIMITED_SELECT -D_REENTRANT -I/usr/local/opt/libyaml/include -I/usr/local/opt/libksba/include -I/usr/local/opt/readline/include -I/usr/local/opt/zlib/include -I/usr/local/opt/[emailÂ protected]/include   -I. -I.ext/include/x86_64-darwin19.6.0 -I./include -I.
    DLDFLAGS = -Wl,-undefined,dynamic_lookup -Wl,-multiply_defined,suppress -L/usr/local/opt/libyaml/lib -L/usr/local/opt/libksba/lib -L/usr/local/opt/readline/lib -L/usr/local/opt/zlib/lib -L/usr/local/opt/[emailÂ protected]/lib  -install_name /Users/nbyrd/.rvm/rubies/ruby-2.0.0-p648/lib/libruby.2.0.0.dylib -current_version 2.0.0 -compatibility_version 2.0.0  -fstack-protector -Wl,-u,_objc_msgSend  -fstack-protector -Wl,-u,_objc_msgSend  
    SOLIBS = 
compiling main.c
compiling dmydln.c
compiling dmyencoding.c
compiling version.c
compiling miniprelude.c
translating probes probes.d
compiling bignum.c
compiling class.c
. ./vm_opts.h
compiling compar.c
compiling complex.c
compiling dir.c
compiling dln_find.c
compiling enum.c
complex.c:79:1: warning: unused function &#39;f_cmp&#39; [-Wunused-function]
f_cmp(VALUE x, VALUE y)
^
complex.c:109:1: warning: unused function &#39;f_lt_p&#39; [-Wunused-function]
f_lt_p(VALUE x, VALUE y)
^
complex.c:116:1: warning: unused function &#39;f_mod&#39; [-Wunused-function]
binop(mod, &#39;%&#39;)
^
complex.c:30:21: note: expanded from macro &#39;binop&#39;
inline static VALUE \
                    ^
&lt;scratch space&gt;:89:1: note: expanded from here
f_mod
^
complex.c:155:1: warning: unused function &#39;f_abs2&#39; [-Wunused-function]
fun1(abs2)
^
complex.c:37:21: note: expanded from macro &#39;fun1&#39;
inline static VALUE \
                    ^
&lt;scratch space&gt;:92:1: note: expanded from here
f_abs2
^
complex.c:157:1: warning: unused function &#39;f_conj&#39; [-Wunused-function]
fun1(conj)
^
complex.c:37:21: note: expanded from macro &#39;fun1&#39;
inline static VALUE \
                    ^
&lt;scratch space&gt;:96:1: note: expanded from here
f_conj
^
complex.c:159:1: warning: unused function &#39;f_floor&#39; [-Wunused-function]
fun1(floor)
^
complex.c:37:21: note: expanded from macro &#39;fun1&#39;
inline static VALUE \
                    ^
&lt;scratch space&gt;:100:1: note: expanded from here
f_floor
^
complex.c:160:1: warning: unused function &#39;f_imag&#39; [-Wunused-function]
fun1(imag)
^
complex.c:37:21: note: expanded from macro &#39;fun1&#39;
inline static VALUE \
                    ^
&lt;scratch space&gt;:102:1: note: expanded from here
f_imag
^
complex.c:164:1: warning: unused function &#39;f_real&#39; [-Wunused-function]
fun1(real)
^
complex.c:37:21: note: expanded from macro &#39;fun1&#39;
inline static VALUE \
                    ^
&lt;scratch space&gt;:110:1: note: expanded from here
f_real
^
complex.c:185:1: warning: unused function &#39;f_divmod&#39; [-Wunused-function]
fun2(divmod)
^
complex.c:44:21: note: expanded from macro &#39;fun2&#39;
inline static VALUE \
                    ^
&lt;scratch space&gt;:118:1: note: expanded from here
f_divmod
^
complex.c:197:1: warning: unused function &#39;f_idiv&#39; [-Wunused-function]
fun2(idiv)
^
complex.c:44:21: note: expanded from macro &#39;fun2&#39;
inline static VALUE \
                    ^
&lt;scratch space&gt;:124:1: note: expanded from here
f_idiv
^
complex.c:263:1: warning: unused function &#39;k_integer_p&#39; [-Wunused-function]
k_integer_p(VALUE x)
^
complex.c:465:1: warning: unused function &#39;f_complex_new1&#39; [-Wunused-function]
f_complex_new1(VALUE klass, VALUE x)
^
complex.c:547:1: warning: unused function &#39;m_sqrt_bang&#39; [-Wunused-function]
imp1(sqrt)
^
complex.c:518:21: note: expanded from macro &#39;imp1&#39;
inline static VALUE \
                    ^
&lt;scratch space&gt;:150:1: note: expanded from here
m_sqrt_bang
^
bignum.c:910:1: warning: unused function &#39;next_pow2&#39; [-Wunused-function]
next_pow2(register unsigned long x)
^
compiling enumerator.c
compiling error.c
compiling eval.c
compiling load.c
compiling proc.c
compiling file.c
compiling gc.c
13 warnings generated.
compiling hash.c
compiling inits.c
compiling io.c
compiling marshal.c
compiling math.c
compiling node.c
compiling numeric.c
compiling object.c
compiling pack.c
compiling parse.c
compiling process.c
compiling random.c
compiling range.c
compiling rational.c
rational.c:86:1: warning: unused function &#39;f_gt_p&#39; [-Wunused-function]
f_gt_p(VALUE x, VALUE y)
^
rational.c:136:1: warning: unused function &#39;f_floor&#39; [-Wunused-function]
fun1(floor)
^
rational.c:40:21: note: expanded from macro &#39;fun1&#39;
inline static VALUE \
                    ^
&lt;scratch space&gt;:93:1: note: expanded from here
f_floor
^
rational.c:157:1: warning: unused function &#39;f_truncate&#39; [-Wunused-function]
fun1(truncate)
^
rational.c:40:21: note: expanded from macro &#39;fun1&#39;
inline static VALUE \
                    ^
&lt;scratch space&gt;:103:1: note: expanded from here
f_truncate
^
rational.c:428:1: warning: unused function &#39;f_rational_new_bang2&#39; [-Wunused-function]
f_rational_new_bang2(VALUE klass, VALUE x, VALUE y)
^
rational.c:537:1: warning: unused function &#39;f_rational_new1&#39; [-Wunused-function]
f_rational_new1(VALUE klass, VALUE x)
^
rational.c:552:1: warning: unused function &#39;f_rational_new_no_reduce1&#39; [-Wunused-function]
f_rational_new_no_reduce1(VALUE klass, VALUE x)
^
1 warning generated.
compiling re.c
compiling regcomp.c
compiling regenc.c
compiling regerror.c
compiling regexec.c
compiling regparse.c
compiling regsyntax.c
compiling ruby.c
6 warnings generated.
compiling safe.c
compiling signal.c
compiling sprintf.c
compiling st.c
compiling strftime.c
compiling string.c
compiling struct.c
compiling time.c
compiling transcode.c
compiling util.c
compiling variable.c
compiling compile.c
compiling debug.c
compiling iseq.c
compiling vm.c
compiling vm_dump.c
compiling vm_backtrace.c
compiling vm_trace.c
compiling thread.c
vm.c:1916:31: warning: expression does not compute the number of elements in this array; element type is &#39;int&#39;, not &#39;VALUE&#39; (aka &#39;unsigned long&#39;) [-Wsizeof-array-div]
                                 sizeof(th-&gt;machine_regs) / sizeof(VALUE));
                                        ~~~~~~~~~~~~~~~~  ^
vm.c:1916:31: note: place parentheses around the &#39;sizeof(VALUE)&#39; expression to silence this warning
thread.c:977:27: warning: implicit conversion loses integer precision: &#39;long&#39; to &#39;__darwin_suseconds_t&#39; (aka &#39;int&#39;) [-Wshorten-64-to-32]
        tp-&gt;tv_usec = ts.tv_nsec / 1000;
                    ~ ~~~~~~~~~~~^~~~~~
thread.c:4835:20: error: implicit declaration of function &#39;rb_frame_last_func&#39; is invalid in C99 [-Werror,-Wimplicit-function-declaration]
    const ID mid = rb_frame_last_func();
                   ^
thread.c:4835:20: note: did you mean &#39;rb_frame_this_func&#39;?
./include/ruby/intern.h:369:4: note: &#39;rb_frame_this_func&#39; declared here
ID rb_frame_this_func(void);
   ^
1 warning and 1 error generated.
make: *** [thread.o] Error 1
make: *** Waiting for unfinished jobs....
1 warning generated.
++ return 2
</code></pre>
<p>ã“ã®ã‚¨ãƒ©ãƒ¼ã‚’å›é¿ã™ã‚‹ãŸã‚ã«ä½•ãŒã§ãã‚‹ã‹æœ¬å½“ã«ã‚ã‹ã‚Šã¾ã›ã‚“ã€‚ã“ã‚Œã¾ã§
Ruby ã‚’ä½¿ã£ãŸã“ã¨ãŒã‚ã‚Šã¾ã›ã‚“ã§ã—ãŸãŒã€ã‚½ãƒ¼ã‚¹ ã‚³ãƒ¼ãƒ‰ã«é–¢æ•°å®£è¨€
(ã€Œrb_frame_last_funcã€) ã®ãªã„é–¢æ•°å‘¼ã³å‡ºã—ãŒã‚ã‚‹ã‚ˆã†ã§ã™ã€‚</p>
<p>è¤‡æ•°ã® C ã‚³ãƒ³ãƒ‘ã‚¤ãƒ©ã‚’è©¦ã—ã¾ã—ãŸãŒã€ã©ã‚Œã‚‚æ©Ÿèƒ½ã—ã¾ã›ã‚“ã§ã—ãŸã€‚ RVM
é–‹ç™ºè€…ã«ã‚‚åŠ©ã‘ã‚’æ±‚ã‚ã¦ã¿ã¾ã—ãŸãŒã€å½¼ã‚‰ã¯ç§ã®è³ªå•ã«ã¾ã£ãŸãç­”ãˆã¦ãã‚Œã¾ã›ã‚“ã§ã—ãŸã€‚
RVM ã® Web
ã‚µã‚¤ãƒˆã«ã¯ã€ã“ã‚Œã‚‰ã®ã‚¨ãƒ©ãƒ¼ã«é–¢ã™ã‚‹è©³ç´°ãŒè¨˜è¼‰ã•ã‚Œã¦ã„ã¾ã›ã‚“ã€‚ãã—ã¦ç§ã¯
Stackoverflow ã‚„ Google
ã‚’é–²è¦§ã—ã€æ•°åã®ä»£æ›¿ã‚¢ãƒ—ãƒ­ãƒ¼ãƒã‚’è©¦ã—ã¾ã—ãŸãŒã€ã©ã‚Œã‚‚ã†ã¾ãã„ãã¾ã›ã‚“ã§ã—ãŸã€‚</p>
<p>èª°ã‹ãŒç§ã«ã“ã“ã§ä½•ãŒæ¬ ã‘ã¦ã„ã‚‹ã®ã‹æ•™ãˆã¦ã‚‚ã‚‰ãˆã¾ã™ã‹ï¼Ÿ</p>
<h2 id="è§£æ±ºç­–">è§£æ±ºç­–</h2>
<p>ã“ã‚Œã¯ã€Xcode 12 ã«å«ã¾ã‚Œã‚‹ãƒ„ãƒ¼ãƒ«ã®å‹•ä½œã®å¤‰æ›´ã«ã‚ˆã‚‹ã‚‚ã®ã§ã™ã€‚</p>
<p>https://translate.google.com/translate?hl=ja&amp;sl=en&amp;tl=ja&amp;u=https://developer.apple.com/documentation/xcode-release-notes/xcode-12-release-notes</p>
<p>ãŠãã‚‰ãã€ã‚³ãƒ³ãƒ‘ã‚¤ãƒ« ãƒ•ãƒ©ã‚°ã‚’ç’°å¢ƒå†…ã§è¨­å®šã—ã¦ RVM
ã«æ¸¡ã—ãŸã„ã¨æ€ã†ã§ã—ã‚‡ã†ã€‚</p>
<pre><code>export optflags=&quot;-Wno-error=implicit-function-declaration&quot;
</code></pre>
<p>ãã®å¾Œã€å†è©¦è¡Œã§ãã¾ã™ã€‚</p>
<pre><code>$ rvm install 2.0.0
Searching for binary rubies, this might take some time.
No binary rubies available for: osx/10.15/x86_64/ruby-2.0.0-p648.
Continuing with compilation. Please read &#39;rvm help mount&#39; to get more information on binary rubies.
Checking requirements for osx.
Warning: Calling `brew list` to only list formulae is deprecated! Use `brew list --formula` instead.
Warning: Calling `brew list` to only list formulae is deprecated! Use `brew list --formula` instead.
Warning: Calling `brew list` to only list formulae is deprecated! Use `brew list --formula` instead.
Warning: Calling `brew list` to only list formulae is deprecated! Use `brew list --formula` instead.
Warning: Calling `brew list` to only list formulae is deprecated! Use `brew list --formula` instead.
Warning: Calling `brew list` to only list formulae is deprecated! Use `brew list --formula` instead.
Warning: Calling `brew list` to only list formulae is deprecated! Use `brew list --formula` instead.
Warning: Calling `brew list` to only list formulae is deprecated! Use `brew list --formula` instead.
Warning: Calling `brew list` to only list formulae is deprecated! Use `brew list --formula` instead.
Warning: Calling `brew list` to only list formulae is deprecated! Use `brew list --formula` instead.
Warning: Calling `brew list` to only list formulae is deprecated! Use `brew list --formula` instead.
Warning: Calling `brew list` to only list formulae is deprecated! Use `brew list --formula` instead.
Installing requirements for osx.
Updating system - please wait
Installing required packages: openssl - please wait
Certificates bundle &#39;/usr/local/etc/[emailÂ protected]/cert.pem&#39; is already up to date.
Requirements installation successful.
Installing Ruby from source to: /Users/foo/.rvm/rubies/ruby-2.0.0-p648, this may take a while depending on your cpu(s)...
ruby-2.0.0-p648 - #downloading ruby-2.0.0-p648, this may take a while depending on your connection...
ruby-2.0.0-p648 - #extracting ruby-2.0.0-p648 to /Users/foo/.rvm/src/ruby-2.0.0-p648 - please wait
ruby-2.0.0-p648 - #applying patch /Users/foo/.rvm/patches/ruby/2.0.0/openssl3.patch - please wait
ruby-2.0.0-p648 - #applying patch /Users/foo/.rvm/patches/ruby/2.0.0/update-autoconf.patch - please wait
ruby-2.0.0-p648 - #configuring - please wait
ruby-2.0.0-p648 - #post-configuration - please wait
ruby-2.0.0-p648 - #compiling - please wait
ruby-2.0.0-p648 - #installing - please wait
ruby-2.0.0-p648 - #making binaries executable - please wait
ruby-2.0.0-p648 - #downloading rubygems-3.0.8
ruby-2.0.0-p648 - #extracting rubygems-3.0.8 - please wait
ruby-2.0.0-p648 - #removing old rubygems - please wait
ruby-2.0.0-p648 - #installing rubygems-3.0.8 - please wait
Error running &#39;env GEM_HOME=/Users/foo/.rvm/gems/ruby-2.0.0-p648@global GEM_PATH= /Users/foo/.rvm/rubies/ruby-2.0.0-p648/bin/ruby -d /Users/foo/.rvm/src/rubygems-3.0.8/setup.rb --no-document&#39;,
please read /Users/foo/.rvm/log/1605308161_ruby-2.0.0-p648/rubygems.install.log
</code></pre>
<p>æœ€å¾Œã«ã‚¨ãƒ©ãƒ¼ãŒç™ºç”Ÿã—ãŸã«ã‚‚ã‹ã‹ã‚ã‚‰ãšã€Ruby
ã¯æ­£å¸¸ã«ã‚³ãƒ³ãƒ‘ã‚¤ãƒ«ãŠã‚ˆã³ã‚¤ãƒ³ã‚¹ãƒˆãƒ¼ãƒ«ã•ã‚Œã¾ã™ã€‚</p>
<pre><code>$ rvm list
   ruby-2.0.0-p648 [ x86_64 ]
   ruby-2.5.7 [ x86_64 ]
=* ruby-2.7.1 [ x86_64 ]
   ruby-3.0.0-preview1 [ x86_64 ]

# =&gt; - current
# =* - current &amp;&amp; default
#  * - default
$ rvm use 2.0.0
rvm use 2.0.0
Using /Users/foo/.rvm/gems/ruby-2.0.0-p648
YAML safe loading is not available. Please upgrade psych to a version that supports safe loading (&gt;= 2.0).
$ ruby -v
ruby 2.0.0p648 (2015-12-16 revision 53162) [x86_64-darwin19.6.0]
</code></pre>
<p>ãŠãã‚‰ããƒã‚¤ãƒ†ã‚£ãƒ–æ‹¡å¼µæ©Ÿèƒ½ã‚’å‚™ãˆãŸ gem ã«ã‚‚åŒã˜ä¿®æ­£ãŒå¿…è¦ã§ã™ã€‚</p>
<pre><code>gem install some_gem_name --with-cflags=&quot;-Wno-error=implicit-function-declaration&quot;
</code></pre>
<p>ã¾ãŸã¯ã€ãƒãƒ³ãƒ‰ãƒ©ãƒ¼ã‚’ä½¿ç”¨ã™ã‚‹ã‚¢ãƒ—ãƒªã®å ´åˆ:</p>
<pre><code>bundle config build.some_gem_name --with-cflags=\&quot;-Wno-error=implicit-function-declaration\&quot;
</code></pre>
  </div>
</body>
</html>