<!DOCTYPE html>
<html>
<head>
  <meta charset="utf-8">
  <meta name="generator" content="pandoc">
  <meta name="viewport" content="width=device-width, initial-scale=1.0, user-scalable=yes">
  <link rel="icon" href="../favicon.ico" />
  <title>Gem::Ext::BuildError: エラー: gem ネイティブ拡張機能 unicode のビルドに失敗しました。c:1058:20: [-Wincompatibility-function-pointer-types] | 昼寝王子のエンジニアブログ</title>
  <style type="text/css">code{white-space: pre;}</style>
  <script async src="https://pagead2.googlesyndication.com/pagead/js/adsbygoogle.js?client=ca-pub-1637770322917058"
     crossorigin="anonymous"></script>
  <!-- Google tag (gtag.js) -->
  <script async src="https://www.googletagmanager.com/gtag/js?id=G-GV53GJEY2E"></script>
  <script>
    window.dataLayer = window.dataLayer || [];
    function gtag(){dataLayer.push(arguments);}
    gtag('js', new Date());

    gtag('config', 'G-GV53GJEY2E');
  </script>
<script type="application/ld+json">
{
  "@context": "http://schema.org",
  "@type": "Article",
  "headline": "Gem::Ext::BuildError: エラー: gem ネイティブ拡張機能 unicode のビルドに失敗しました。c:1058:20: [-Wincompatibility-function-pointer-types]",
  "author": {
    "@type": "Person",
    "address": "",
    "email": null,
    "identifier": "masyumaroking",
    "name": "masyumaroking"
  },
  "publisher": {
    "@type": "Person",
    "name": "masyumaroking"
  }
}
</script>
  <!-- Style for Markdown -->
  <style>
  .md2html-container {
    max-width: 800px;
    margin: 0 auto;
  }
  .md2html-container > h1:first-child {
    margin-top: 0;
  }
  body {
  font-family: Helvetica, arial, sans-serif;
  font-size: 14px;
  line-height: 1.6;
  padding-top: 10px;
  padding-bottom: 10px;
  background-color: white;
  padding: 30px; }

body > *:first-child {
  margin-top: 0 !important; }
body > *:last-child {
  margin-bottom: 0 !important; }

a {
  color: #4183C4; }
a.absent {
  color: #cc0000; }
a.anchor {
  display: block;
  padding-left: 30px;
  margin-left: -30px;
  cursor: pointer;
  position: absolute;
  top: 0;
  left: 0;
  bottom: 0; }

h1, h2, h3, h4, h5, h6 {
  margin: 20px 0 10px;
  padding: 0;
  font-weight: bold;
  -webkit-font-smoothing: antialiased;
  cursor: text;
  position: relative; }

h1:hover a.anchor, h2:hover a.anchor, h3:hover a.anchor, h4:hover a.anchor, h5:hover a.anchor, h6:hover a.anchor {
  background: url("../../images/modules/styleguide/para.png") no-repeat 10px center;
  text-decoration: none; }

h1 tt, h1 code {
  font-size: inherit; }

h2 tt, h2 code {
  font-size: inherit; }

h3 tt, h3 code {
  font-size: inherit; }

h4 tt, h4 code {
  font-size: inherit; }

h5 tt, h5 code {
  font-size: inherit; }

h6 tt, h6 code {
  font-size: inherit; }

h1 {
  font-size: 28px;
  color: black; }

h2 {
  font-size: 24px;
  border-bottom: 1px solid #cccccc;
  color: black; }

h3 {
  font-size: 18px; }

h4 {
  font-size: 16px; }

h5 {
  font-size: 14px; }

h6 {
  color: #777777;
  font-size: 14px; }

p, blockquote, ul, ol, dl, li, table, pre {
  margin: 15px 0; }

hr {
  background: transparent url("../../images/modules/pulls/dirty-shade.png") repeat-x 0 0;
  border: 0 none;
  color: #cccccc;
  height: 4px;
  padding: 0; }

body > h2:first-child {
  margin-top: 0;
  padding-top: 0; }
body > h1:first-child {
  margin-top: 0;
  padding-top: 0; }
  body > h1:first-child + h2 {
    margin-top: 0;
    padding-top: 0; }
body > h3:first-child, body > h4:first-child, body > h5:first-child, body > h6:first-child {
  margin-top: 0;
  padding-top: 0; }

a:first-child h1, a:first-child h2, a:first-child h3, a:first-child h4, a:first-child h5, a:first-child h6 {
  margin-top: 0;
  padding-top: 0; }

h1 p, h2 p, h3 p, h4 p, h5 p, h6 p {
  margin-top: 0; }

li p.first {
  display: inline-block; }

ul, ol {
  padding-left: 30px; }

ul :first-child, ol :first-child {
  margin-top: 0; }

ul :last-child, ol :last-child {
  margin-bottom: 0; }

dl {
  padding: 0; }
  dl dt {
    font-size: 14px;
    font-weight: bold;
    font-style: italic;
    padding: 0;
    margin: 15px 0 5px; }
    dl dt:first-child {
      padding: 0; }
    dl dt > :first-child {
      margin-top: 0; }
    dl dt > :last-child {
      margin-bottom: 0; }
  dl dd {
    margin: 0 0 15px;
    padding: 0 15px; }
    dl dd > :first-child {
      margin-top: 0; }
    dl dd > :last-child {
      margin-bottom: 0; }

blockquote {
  border-left: 4px solid #dddddd;
  padding: 0 15px;
  color: #777777; }
  blockquote > :first-child {
    margin-top: 0; }
  blockquote > :last-child {
    margin-bottom: 0; }

table {
  border-collapse: collapse;
  padding: 0; }
  table tr {
    border-top: 1px solid #cccccc;
    background-color: white;
    margin: 0;
    padding: 0; }
    table tr:nth-child(2n) {
      background-color: #f8f8f8; }
    table tr th {
      font-weight: bold;
      border: 1px solid #cccccc;
      text-align: left;
      margin: 0;
      padding: 6px 13px; }
    table tr td {
      border: 1px solid #cccccc;
      text-align: left;
      margin: 0;
      padding: 6px 13px; }
    table tr th :first-child, table tr td :first-child {
      margin-top: 0; }
    table tr th :last-child, table tr td :last-child {
      margin-bottom: 0; }

img {
  max-width: 100%; }

span.frame {
  display: block;
  overflow: hidden; }
  span.frame > span {
    border: 1px solid #dddddd;
    display: block;
    float: left;
    overflow: hidden;
    margin: 13px 0 0;
    padding: 7px;
    width: auto; }
  span.frame span img {
    display: block;
    float: left; }
  span.frame span span {
    clear: both;
    color: #333333;
    display: block;
    padding: 5px 0 0; }
span.align-center {
  display: block;
  overflow: hidden;
  clear: both; }
  span.align-center > span {
    display: block;
    overflow: hidden;
    margin: 13px auto 0;
    text-align: center; }
  span.align-center span img {
    margin: 0 auto;
    text-align: center; }
span.align-right {
  display: block;
  overflow: hidden;
  clear: both; }
  span.align-right > span {
    display: block;
    overflow: hidden;
    margin: 13px 0 0;
    text-align: right; }
  span.align-right span img {
    margin: 0;
    text-align: right; }
span.float-left {
  display: block;
  margin-right: 13px;
  overflow: hidden;
  float: left; }
  span.float-left span {
    margin: 13px 0 0; }
span.float-right {
  display: block;
  margin-left: 13px;
  overflow: hidden;
  float: right; }
  span.float-right > span {
    display: block;
    overflow: hidden;
    margin: 13px auto 0;
    text-align: right; }

code, tt {
  margin: 0 2px;
  padding: 0 5px;
  white-space: nowrap;
  border: 1px solid #eaeaea;
  background-color: #f8f8f8;
  border-radius: 3px; }

pre code {
  margin: 0;
  padding: 0;
  white-space: pre;
  border: none;
  background: transparent; }

.highlight pre {
  background-color: #f8f8f8;
  border: 1px solid #cccccc;
  font-size: 13px;
  line-height: 19px;
  overflow: auto;
  padding: 6px 10px;
  border-radius: 3px; }

pre {
  background-color: #f8f8f8;
  border: 1px solid #cccccc;
  font-size: 13px;
  line-height: 19px;
  overflow: auto;
  padding: 6px 10px;
  border-radius: 3px; }
  pre code, pre tt {
    background-color: transparent;
    border: none; }
  </style>
  <!--[if lt IE 9]>
    <script src="//cdnjs.cloudflare.com/ajax/libs/html5shiv/3.7.3/html5shiv-printshiv.min.js"></script>
  <![endif]-->
</head>
<body>
  <div class="md2html-container">
<header>
<h1 class="title">Gem::Ext::BuildError: エラー: gem ネイティブ拡張機能
unicode のビルドに失敗しました。c:1058:20:
[-Wincompatibility-function-pointer-types]</h1>
</header>
<h2 id="概要">概要</h2>
<p>私の環境に関する詳細:</p>
<p>プロジェクトの gem をインストールするために Bundle install
を実行しようとしていますが、次のエラーが発生します。</p>
<pre><code>Installing unicode 0.4.4.4 with native extensions
Gem::Ext::BuildError: ERROR: Failed to build gem native extension.

    current directory: /Users/john.doe/.rbenv/versions/3.2.0/lib/ruby/gems/3.2.0/gems/unicode-0.4.4.4/ext/unicode
/Users/john.doe/.rbenv/versions/3.2.0/bin/ruby -I /Users/john.doe/.rbenv/versions/3.2.0/lib/ruby/site_ruby/3.2.0 extconf.rb --with-cflags\=-Wno-error\=implicit-function-declaration
creating Makefile

current directory: /Users/john.doe/.rbenv/versions/3.2.0/lib/ruby/gems/3.2.0/gems/unicode-0.4.4.4/ext/unicode
make DESTDIR\= sitearchdir\=./.gem.20240308-48017-ak1bt1 sitelibdir\=./.gem.20240308-48017-ak1bt1 clean

current directory: /Users/john.doe/.rbenv/versions/3.2.0/lib/ruby/gems/3.2.0/gems/unicode-0.4.4.4/ext/unicode
make DESTDIR\= sitearchdir\=./.gem.20240308-48017-ak1bt1 sitelibdir\=./.gem.20240308-48017-ak1bt1
compiling unicode.c
unicode.c:37:7: warning: &#39;RB_OBJ_TAINTED&#39; is deprecated: taintedness turned out to be a wrong idea. [-Wdeprecated-declarations]
  if (OBJ_TAINTED(src))
      ^
/Users/john.doe/.rbenv/versions/3.2.0/include/ruby-3.2.0/ruby/internal/fl_type.h:151:25: note: expanded from macro &#39;OBJ_TAINTED&#39;
#define OBJ_TAINTED     RB_OBJ_TAINTED     /**&lt; @old{RB_OBJ_TAINTED} */
                        ^
/Users/john.doe/.rbenv/versions/3.2.0/include/ruby-3.2.0/ruby/internal/fl_type.h:118:30: note: expanded from macro &#39;RB_OBJ_TAINTED&#39;
#define RB_OBJ_TAINTED       RB_OBJ_TAINTED
                             ^
/Users/john.doe/.rbenv/versions/3.2.0/include/ruby-3.2.0/ruby/internal/fl_type.h:812:1: note: &#39;RB_OBJ_TAINTED&#39; has been explicitly marked deprecated here
RBIMPL_ATTR_DEPRECATED((&quot;taintedness turned out to be a wrong idea.&quot;))
^
/Users/john.doe/.rbenv/versions/3.2.0/include/ruby-3.2.0/ruby/internal/attr/deprecated.h:36:53: note: expanded from macro &#39;RBIMPL_ATTR_DEPRECATED&#39;
# define RBIMPL_ATTR_DEPRECATED(msg) __attribute__((__deprecated__ msg))
                                                    ^
unicode.c:38:5: warning: &#39;RB_OBJ_TAINT&#39; is deprecated: taintedness turned out to be a wrong idea. [-Wdeprecated-declarations]
    OBJ_TAINT(obj);
    ^
/Users/john.doe/.rbenv/versions/3.2.0/include/ruby-3.2.0/ruby/internal/fl_type.h:149:25: note: expanded from macro &#39;OBJ_TAINT&#39;
#define OBJ_TAINT       RB_OBJ_TAINT       /**&lt; @old{RB_OBJ_TAINT} */
                        ^
/Users/john.doe/.rbenv/versions/3.2.0/include/ruby-3.2.0/ruby/internal/fl_type.h:116:30: note: expanded from macro &#39;RB_OBJ_TAINT&#39;
#define RB_OBJ_TAINT         RB_OBJ_TAINT
                             ^
/Users/john.doe/.rbenv/versions/3.2.0/include/ruby-3.2.0/ruby/internal/fl_type.h:843:1: note: &#39;RB_OBJ_TAINT&#39; has been explicitly marked deprecated here
RBIMPL_ATTR_DEPRECATED((&quot;taintedness turned out to be a wrong idea.&quot;))
^
/Users/john.doe/.rbenv/versions/3.2.0/include/ruby-3.2.0/ruby/internal/attr/deprecated.h:36:53: note: expanded from macro &#39;RBIMPL_ATTR_DEPRECATED&#39;
# define RBIMPL_ATTR_DEPRECATED(msg) __attribute__((__deprecated__ msg))
                                                    ^
unicode.c:1039:20: error: incompatible function pointer types passing &#39;VALUE (get_categories_param *)&#39; (aka &#39;unsigned long (struct _get_categories_param *)&#39;) to parameter of type &#39;VALUE (*)(VALUE)&#39; (aka &#39;unsigned long (*)(unsigned long)&#39;) [-Wincompatible-function-pointer-types]
  return rb_ensure(get_categories_internal, (VALUE)&amp;param,
                   ^~~~~~~~~~~~~~~~~~~~~~~
/Users/john.doe/.rbenv/versions/3.2.0/include/ruby-3.2.0/ruby/internal/iterator.h:425:25: note: passing argument to parameter &#39;b_proc&#39; here
VALUE rb_ensure(VALUE (*b_proc)(VALUE), VALUE data1, VALUE (*e_proc)(VALUE), VALUE data2);
                        ^
unicode.c:1040:20: error: incompatible function pointer types passing &#39;VALUE (WString *)&#39; (aka &#39;unsigned long (struct _WString *)&#39;) to parameter of type &#39;VALUE (*)(VALUE)&#39; (aka &#39;unsigned long (*)(unsigned long)&#39;) [-Wincompatible-function-pointer-types]
                   get_categories_ensure, (VALUE)&amp;wstr);
                   ^~~~~~~~~~~~~~~~~~~~~
/Users/john.doe/.rbenv/versions/3.2.0/include/ruby-3.2.0/ruby/internal/iterator.h:425:62: note: passing argument to parameter &#39;e_proc&#39; here
VALUE rb_ensure(VALUE (*b_proc)(VALUE), VALUE data1, VALUE (*e_proc)(VALUE), VALUE data2);
                                                             ^
unicode.c:1057:20: error: incompatible function pointer types passing &#39;VALUE (get_categories_param *)&#39; (aka &#39;unsigned long (struct _get_categories_param *)&#39;) to parameter of type &#39;VALUE (*)(VALUE)&#39; (aka &#39;unsigned long (*)(unsigned long)&#39;) [-Wincompatible-function-pointer-types]
  return rb_ensure(get_categories_internal, (VALUE)&amp;param,
                   ^~~~~~~~~~~~~~~~~~~~~~~
/Users/john.doe/.rbenv/versions/3.2.0/include/ruby-3.2.0/ruby/internal/iterator.h:425:25: note: passing argument to parameter &#39;b_proc&#39; here
VALUE rb_ensure(VALUE (*b_proc)(VALUE), VALUE data1, VALUE (*e_proc)(VALUE), VALUE data2);
                        ^
unicode.c:1058:20: error: incompatible function pointer types passing &#39;VALUE (WString *)&#39; (aka &#39;unsigned long (struct _WString *)&#39;) to parameter of type &#39;VALUE (*)(VALUE)&#39; (aka &#39;unsigned long (*)(unsigned long)&#39;) [-Wincompatible-function-pointer-types]
                   get_categories_ensure, (VALUE)&amp;wstr);
                   ^~~~~~~~~~~~~~~~~~~~~
.
.
.
2 warnings and 6 errors generated.
make: *** [unicode.o] Error 1

make failed, exit code 2

Gem files will remain installed in /Users/john.doe/.rbenv/versions/3.2.0/lib/ruby/gems/3.2.0/gems/unicode-0.4.4.4 for inspection.
Results logged to /Users/john.doe/.rbenv/versions/3.2.0/lib/ruby/gems/3.2.0/extensions/arm64-darwin-23/3.2.0/unicode-0.4.4.4/gem_make.out

  /Users/john.doe/.rbenv/versions/3.2.0/lib/ruby/site_ruby/3.2.0/rubygems/ext/builder.rb:102:in `run&#39;
  /Users/john.doe/.rbenv/versions/3.2.0/lib/ruby/site_ruby/3.2.0/rubygems/ext/builder.rb:51:in `block in make&#39;
  /Users/john.doe/.rbenv/versions/3.2.0/lib/ruby/site_ruby/3.2.0/rubygems/ext/builder.rb:43:in `each&#39;
  /Users/john.doe/.rbenv/versions/3.2.0/lib/ruby/site_ruby/3.2.0/rubygems/ext/builder.rb:43:in `make&#39;
  /Users/john.doe/.rbenv/versions/3.2.0/lib/ruby/site_ruby/3.2.0/rubygems/ext/ext_conf_builder.rb:42:in `build&#39;
  /Users/john.doe/.rbenv/versions/3.2.0/lib/ruby/site_ruby/3.2.0/rubygems/ext/builder.rb:170:in `build_extension&#39;
  /Users/john.doe/.rbenv/versions/3.2.0/lib/ruby/site_ruby/3.2.0/rubygems/ext/builder.rb:204:in `block in build_extensions&#39;
  /Users/john.doe/.rbenv/versions/3.2.0/lib/ruby/site_ruby/3.2.0/rubygems/ext/builder.rb:201:in `each&#39;
  /Users/john.doe/.rbenv/versions/3.2.0/lib/ruby/site_ruby/3.2.0/rubygems/ext/builder.rb:201:in `build_extensions&#39;
  /Users/john.doe/.rbenv/versions/3.2.0/lib/ruby/site_ruby/3.2.0/rubygems/installer.rb:843:in `build_extensions&#39;
  /Users/john.doe/.rbenv/versions/3.2.0/lib/ruby/gems/3.2.0/gems/bundler-2.5.6/lib/bundler/rubygems_gem_installer.rb:76:in `build_extensions&#39;
  /Users/john.doe/.rbenv/versions/3.2.0/lib/ruby/gems/3.2.0/gems/bundler-2.5.6/lib/bundler/rubygems_gem_installer.rb:28:in `install&#39;
  /Users/john.doe/.rbenv/versions/3.2.0/lib/ruby/gems/3.2.0/gems/bundler-2.5.6/lib/bundler/source/rubygems.rb:205:in `install&#39;
  /Users/john.doe/.rbenv/versions/3.2.0/lib/ruby/gems/3.2.0/gems/bundler-.
.
.
An error occurred while installing unicode (0.4.4.4), and Bundler cannot continue.
</code></pre>
<p>ご協力いただければ幸いです。 ありがとう。</p>
<h2 id="解決策">解決策</h2>
<p>これを使って：</p>
<p>gem install unicode –
–with-cflags=“-Wno-incompatibility-function-pointer-types”</p>
  </div>
</body>
</html>